# JRE version: Java(TM) SE Runtime Environment (20.0.2+9) (build 20.0.2+9-78)
# Java VM: Java HotSpot(TM) 64-Bit Server VM (20.0.2+9-78, mixed mode, sharing, tiered, compressed oops, compressed class ptrs, g1 gc, windows-amd64)
GC Precious Log:
 CardTable entry size: 512
 Card Set container configuration: InlinePtr #cards 5 size 8 Array Of Cards #cards 12 size 40 Howl #buckets 4 coarsen threshold 1843 Howl Bitmap #cards 512 size 80 coarsen threshold 460 Card regions per heap region 1 cards per card region 2048
 CPUs: 4 total, 4 available
 Memory: 8067M
 Large Page Support: Disabled
 NUMA Support: Disabled
 Compressed Oops: Enabled (32-bit)
 Heap Region Size: 1M
 Heap Min Capacity: 8M
 Heap Initial Capacity: 128M
 Heap Max Capacity: 2018M
 Pre-touch: Disabled
 Parallel Workers: 4
 Concurrent Workers: 1
 Concurrent Refinement Workers: 4
 Periodic GC: Disabled
Heap:
 garbage-first heap   total 51200K, used 42148K [0x0000000081e00000, 0x0000000100000000)
  region size 1024K, 22 young (22528K), 3 survivors (3072K)
 Metaspace       used 57443K, committed 58048K, reserved 1114112K
  class space    used 7517K, committed 7744K, reserved 1048576K
GC Heap History (20 events):
Event: 0.835 GC heap before
{Heap before GC invocations=0 (full 0):
 garbage-first heap   total 131072K, used 14336K [0x0000000081e00000, 0x0000000100000000)
  region size 1024K, 13 young (13312K), 0 survivors (0K)
 Metaspace       used 3823K, committed 4032K, reserved 1114112K
  class space    used 404K, committed 512K, reserved 1048576K
}
Event: 0.842 GC heap after
{Heap after GC invocations=1 (full 0):
 garbage-first heap   total 131072K, used 6108K [0x0000000081e00000, 0x0000000100000000)
  region size 1024K, 2 young (2048K), 2 survivors (2048K)
 Metaspace       used 3823K, committed 4032K, reserved 1114112K
  class space    used 404K, committed 512K, reserved 1048576K
}
Event: 1.686 GC heap before
{Heap before GC invocations=1 (full 0):
 garbage-first heap   total 131072K, used 19420K [0x0000000081e00000, 0x0000000100000000)
  region size 1024K, 15 young (15360K), 2 survivors (2048K)
 Metaspace       used 7805K, committed 8000K, reserved 1114112K
  class space    used 924K, committed 1024K, reserved 1048576K
}
Event: 1.692 GC heap after
{Heap after GC invocations=2 (full 0):
 garbage-first heap   total 131072K, used 7788K [0x0000000081e00000, 0x0000000100000000)
  region size 1024K, 2 young (2048K), 2 survivors (2048K)
 Metaspace       used 7805K, committed 8000K, reserved 1114112K
  class space    used 924K, committed 1024K, reserved 1048576K
}
Event: 2.402 GC heap before
{Heap before GC invocations=2 (full 0):
 garbage-first heap   total 131072K, used 33388K [0x0000000081e00000, 0x0000000100000000)
  region size 1024K, 28 young (28672K), 2 survivors (2048K)
 Metaspace       used 14764K, committed 15104K, reserved 1114112K
  class space    used 1745K, committed 1920K, reserved 1048576K
}
Event: 2.408 GC heap after
{Heap after GC invocations=3 (full 0):
 garbage-first heap   total 131072K, used 9806K [0x0000000081e00000, 0x0000000100000000)
  region size 1024K, 4 young (4096K), 4 survivors (4096K)
 Metaspace       used 14764K, committed 15104K, reserved 1114112K
  class space    used 1745K, committed 1920K, reserved 1048576K
}
Event: 4.375 GC heap before
{Heap before GC invocations=3 (full 0):
 garbage-first heap   total 131072K, used 52814K [0x0000000081e00000, 0x0000000100000000)
  region size 1024K, 47 young (48128K), 4 survivors (4096K)
 Metaspace       used 21244K, committed 21504K, reserved 1114112K
  class space    used 2564K, committed 2688K, reserved 1048576K
}
Event: 4.390 GC heap after
{Heap after GC invocations=4 (full 0):
 garbage-first heap   total 131072K, used 13387K [0x0000000081e00000, 0x0000000100000000)
  region size 1024K, 7 young (7168K), 7 survivors (7168K)
 Metaspace       used 21244K, committed 21504K, reserved 1114112K
  class space    used 2564K, committed 2688K, reserved 1048576K
}
Event: 5.622 GC heap before
{Heap before GC invocations=5 (full 0):
 garbage-first heap   total 51200K, used 36939K [0x0000000081e00000, 0x0000000100000000)
  region size 1024K, 30 young (30720K), 7 survivors (7168K)
 Metaspace       used 26353K, committed 26752K, reserved 1114112K
  class space    used 3274K, committed 3456K, reserved 1048576K
}
Event: 5.649 GC heap after
{Heap after GC invocations=6 (full 0):
 garbage-first heap   total 51200K, used 16087K [0x0000000081e00000, 0x0000000100000000)
  region size 1024K, 3 young (3072K), 3 survivors (3072K)
 Metaspace       used 26353K, committed 26752K, reserved 1114112K
  class space    used 3274K, committed 3456K, reserved 1048576K
}
Event: 6.717 GC heap before
{Heap before GC invocations=6 (full 0):
 garbage-first heap   total 51200K, used 38615K [0x0000000081e00000, 0x0000000100000000)
  region size 1024K, 26 young (26624K), 3 survivors (3072K)
 Metaspace       used 31377K, committed 31936K, reserved 1114112K
  class space    used 3943K, committed 4224K, reserved 1048576K
}
Event: 6.733 GC heap after
{Heap after GC invocations=7 (full 0):
 garbage-first heap   total 51200K, used 18370K [0x0000000081e00000, 0x0000000100000000)
  region size 1024K, 2 young (2048K), 2 survivors (2048K)
 Metaspace       used 31377K, committed 31936K, reserved 1114112K
  class space    used 3943K, committed 4224K, reserved 1048576K
}
Event: 7.293 GC heap before
{Heap before GC invocations=7 (full 0):
 garbage-first heap   total 51200K, used 31682K [0x0000000081e00000, 0x0000000100000000)
  region size 1024K, 16 young (16384K), 2 survivors (2048K)
 Metaspace       used 35614K, committed 36096K, reserved 1114112K
  class space    used 4528K, committed 4736K, reserved 1048576K
}
Event: 7.300 GC heap after
{Heap after GC invocations=8 (full 0):
 garbage-first heap   total 51200K, used 19394K [0x0000000081e00000, 0x0000000100000000)
  region size 1024K, 3 young (3072K), 3 survivors (3072K)
 Metaspace       used 35614K, committed 36096K, reserved 1114112K
  class space    used 4528K, committed 4736K, reserved 1048576K
}
Event: 9.278 GC heap before
{Heap before GC invocations=9 (full 0):
 garbage-first heap   total 51200K, used 41922K [0x0000000081e00000, 0x0000000100000000)
  region size 1024K, 26 young (26624K), 3 survivors (3072K)
 Metaspace       used 44353K, committed 44928K, reserved 1114112K
  class space    used 5635K, committed 5888K, reserved 1048576K
}
Event: 9.290 GC heap after
{Heap after GC invocations=10 (full 0):
 garbage-first heap   total 51200K, used 22046K [0x0000000081e00000, 0x0000000100000000)
  region size 1024K, 4 young (4096K), 4 survivors (4096K)
 Metaspace       used 44353K, committed 44928K, reserved 1114112K
  class space    used 5635K, committed 5888K, reserved 1048576K
}
Event: 9.938 GC heap before
{Heap before GC invocations=10 (full 0):
 garbage-first heap   total 51200K, used 42526K [0x0000000081e00000, 0x0000000100000000)
  region size 1024K, 24 young (24576K), 4 survivors (4096K)
 Metaspace       used 50876K, committed 51456K, reserved 1114112K
  class space    used 6670K, committed 6912K, reserved 1048576K
}
Event: 9.948 GC heap after
{Heap after GC invocations=11 (full 0):
 garbage-first heap   total 51200K, used 22860K [0x0000000081e00000, 0x0000000100000000)
  region size 1024K, 2 young (2048K), 2 survivors (2048K)
 Metaspace       used 50876K, committed 51456K, reserved 1114112K
  class space    used 6670K, committed 6912K, reserved 1048576K
}
Event: 10.599 GC heap before
{Heap before GC invocations=11 (full 0):
 garbage-first heap   total 51200K, used 43340K [0x0000000081e00000, 0x0000000100000000)
  region size 1024K, 22 young (22528K), 2 survivors (2048K)
 Metaspace       used 54797K, committed 55360K, reserved 1114112K
  class space    used 7197K, committed 7424K, reserved 1048576K
}
Event: 10.603 GC heap after
{Heap after GC invocations=12 (full 0):
 garbage-first heap   total 51200K, used 23716K [0x0000000081e00000, 0x0000000100000000)
  region size 1024K, 3 young (3072K), 3 survivors (3072K)
 Metaspace       used 54797K, committed 55360K, reserved 1114112K
  class space    used 7197K, committed 7424K, reserved 1048576K
}

