# JRE version: Java(TM) SE Runtime Environment (20.0.2+9) (build 20.0.2+9-78)
# Java VM: Java HotSpot(TM) 64-Bit Server VM (20.0.2+9-78, mixed mode, sharing, tiered, compressed oops, compressed class ptrs, g1 gc, windows-amd64)
GC Precious Log:
 CardTable entry size: 512
 Card Set container configuration: InlinePtr #cards 5 size 8 Array Of Cards #cards 12 size 40 Howl #buckets 4 coarsen threshold 1843 Howl Bitmap #cards 512 size 80 coarsen threshold 460 Card regions per heap region 1 cards per card region 2048
 CPUs: 4 total, 4 available
 Memory: 8067M
 Large Page Support: Disabled
 NUMA Support: Disabled
 Compressed Oops: Enabled (32-bit)
 Heap Region Size: 1M
 Heap Min Capacity: 8M
 Heap Initial Capacity: 128M
 Heap Max Capacity: 2018M
 Pre-touch: Disabled
 Parallel Workers: 4
 Concurrent Workers: 1
 Concurrent Refinement Workers: 4
 Periodic GC: Disabled
Heap:
 garbage-first heap   total 48128K, used 25448K [0x0000000081e00000, 0x0000000100000000)
  region size 1024K, 3 young (3072K), 3 survivors (3072K)
 Metaspace       used 59164K, committed 59776K, reserved 1114112K
  class space    used 7711K, committed 8000K, reserved 1048576K
GC Heap History (20 events):
Event: 1.866 GC heap after
{Heap after GC invocations=2 (full 0):
 garbage-first heap   total 131072K, used 7510K [0x0000000081e00000, 0x0000000100000000)
  region size 1024K, 2 young (2048K), 2 survivors (2048K)
 Metaspace       used 7861K, committed 8128K, reserved 1114112K
  class space    used 933K, committed 1024K, reserved 1048576K
}
Event: 2.667 GC heap before
{Heap before GC invocations=2 (full 0):
 garbage-first heap   total 131072K, used 34134K [0x0000000081e00000, 0x0000000100000000)
  region size 1024K, 29 young (29696K), 2 survivors (2048K)
 Metaspace       used 15307K, committed 15616K, reserved 1114112K
  class space    used 1834K, committed 1984K, reserved 1048576K
}
Event: 2.673 GC heap after
{Heap after GC invocations=3 (full 0):
 garbage-first heap   total 131072K, used 9743K [0x0000000081e00000, 0x0000000100000000)
  region size 1024K, 4 young (4096K), 4 survivors (4096K)
 Metaspace       used 15307K, committed 15616K, reserved 1114112K
  class space    used 1834K, committed 1984K, reserved 1048576K
}
Event: 4.610 GC heap before
{Heap before GC invocations=3 (full 0):
 garbage-first heap   total 131072K, used 50703K [0x0000000081e00000, 0x0000000100000000)
  region size 1024K, 45 young (46080K), 4 survivors (4096K)
 Metaspace       used 21227K, committed 21504K, reserved 1114112K
  class space    used 2569K, committed 2688K, reserved 1048576K
}
Event: 4.624 GC heap after
{Heap after GC invocations=4 (full 0):
 garbage-first heap   total 131072K, used 13199K [0x0000000081e00000, 0x0000000100000000)
  region size 1024K, 7 young (7168K), 7 survivors (7168K)
 Metaspace       used 21227K, committed 21504K, reserved 1114112K
  class space    used 2569K, committed 2688K, reserved 1048576K
}
Event: 5.609 GC heap before
{Heap before GC invocations=5 (full 0):
 garbage-first heap   total 48128K, used 34703K [0x0000000081e00000, 0x0000000100000000)
  region size 1024K, 28 young (28672K), 7 survivors (7168K)
 Metaspace       used 25777K, committed 26176K, reserved 1114112K
  class space    used 3231K, committed 3392K, reserved 1048576K
}
Event: 5.629 GC heap after
{Heap after GC invocations=6 (full 0):
 garbage-first heap   total 48128K, used 15683K [0x0000000081e00000, 0x0000000100000000)
  region size 1024K, 3 young (3072K), 3 survivors (3072K)
 Metaspace       used 25777K, committed 26176K, reserved 1114112K
  class space    used 3231K, committed 3392K, reserved 1048576K
}
Event: 6.642 GC heap before
{Heap before GC invocations=6 (full 0):
 garbage-first heap   total 48128K, used 36163K [0x0000000081e00000, 0x0000000100000000)
  region size 1024K, 24 young (24576K), 3 survivors (3072K)
 Metaspace       used 30557K, committed 31040K, reserved 1114112K
  class space    used 3809K, committed 4032K, reserved 1048576K
}
Event: 6.663 GC heap after
{Heap after GC invocations=7 (full 0):
 garbage-first heap   total 48128K, used 17340K [0x0000000081e00000, 0x0000000100000000)
  region size 1024K, 2 young (2048K), 2 survivors (2048K)
 Metaspace       used 30557K, committed 31040K, reserved 1114112K
  class space    used 3809K, committed 4032K, reserved 1048576K
}
Event: 7.493 GC heap before
{Heap before GC invocations=7 (full 0):
 garbage-first heap   total 48128K, used 33724K [0x0000000081e00000, 0x0000000100000000)
  region size 1024K, 19 young (19456K), 2 survivors (2048K)
 Metaspace       used 35529K, committed 35968K, reserved 1114112K
  class space    used 4526K, committed 4736K, reserved 1048576K
}
Event: 7.503 GC heap after
{Heap after GC invocations=8 (full 0):
 garbage-first heap   total 48128K, used 18865K [0x0000000081e00000, 0x0000000100000000)
  region size 1024K, 2 young (2048K), 2 survivors (2048K)
 Metaspace       used 35529K, committed 35968K, reserved 1114112K
  class space    used 4526K, committed 4736K, reserved 1048576K
}
Event: 9.808 GC heap before
{Heap before GC invocations=9 (full 0):
 garbage-first heap   total 48128K, used 40369K [0x0000000081e00000, 0x0000000100000000)
  region size 1024K, 23 young (23552K), 2 survivors (2048K)
 Metaspace       used 43979K, committed 44544K, reserved 1114112K
  class space    used 5582K, committed 5824K, reserved 1048576K
}
Event: 9.818 GC heap after
{Heap after GC invocations=10 (full 0):
 garbage-first heap   total 48128K, used 21151K [0x0000000081e00000, 0x0000000100000000)
  region size 1024K, 3 young (3072K), 3 survivors (3072K)
 Metaspace       used 43979K, committed 44544K, reserved 1114112K
  class space    used 5582K, committed 5824K, reserved 1048576K
}
Event: 10.935 GC heap before
{Heap before GC invocations=10 (full 0):
 garbage-first heap   total 48128K, used 40607K [0x0000000081e00000, 0x0000000100000000)
  region size 1024K, 22 young (22528K), 3 survivors (3072K)
 Metaspace       used 50148K, committed 50688K, reserved 1114112K
  class space    used 6549K, committed 6784K, reserved 1048576K
}
Event: 10.950 GC heap after
{Heap after GC invocations=11 (full 0):
 garbage-first heap   total 48128K, used 22493K [0x0000000081e00000, 0x0000000100000000)
  region size 1024K, 2 young (2048K), 2 survivors (2048K)
 Metaspace       used 50148K, committed 50688K, reserved 1114112K
  class space    used 6549K, committed 6784K, reserved 1048576K
}
Event: 12.057 GC heap before
{Heap before GC invocations=11 (full 0):
 garbage-first heap   total 48128K, used 40925K [0x0000000081e00000, 0x0000000100000000)
  region size 1024K, 20 young (20480K), 2 survivors (2048K)
 Metaspace       used 53564K, committed 54080K, reserved 1114112K
  class space    used 7038K, committed 7232K, reserved 1048576K
}
Event: 12.064 GC heap after
{Heap after GC invocations=12 (full 0):
 garbage-first heap   total 48128K, used 23215K [0x0000000081e00000, 0x0000000100000000)
  region size 1024K, 2 young (2048K), 2 survivors (2048K)
 Metaspace       used 53564K, committed 54080K, reserved 1114112K
  class space    used 7038K, committed 7232K, reserved 1048576K
}
Event: 13.061 GC heap before
{Heap before GC invocations=12 (full 0):
 garbage-first heap   total 48128K, used 41647K [0x0000000081e00000, 0x0000000100000000)
  region size 1024K, 20 young (20480K), 2 survivors (2048K)
 Metaspace       used 57254K, committed 57920K, reserved 1114112K
  class space    used 7497K, committed 7808K, reserved 1048576K
}
Event: 13.071 GC heap after
{Heap after GC invocations=13 (full 0):
 garbage-first heap   total 48128K, used 25081K [0x0000000081e00000, 0x0000000100000000)
  region size 1024K, 3 young (3072K), 3 survivors (3072K)
 Metaspace       used 57254K, committed 57920K, reserved 1114112K
  class space    used 7497K, committed 7808K, reserved 1048576K
}
Event: 13.538 GC heap before
{Heap before GC invocations=13 (full 0):
 garbage-first heap   total 48128K, used 40441K [0x0000000081e00000, 0x0000000100000000)
  region size 1024K, 19 young (19456K), 3 survivors (3072K)
 Metaspace       used 59164K, committed 59776K, reserved 1114112K
  class space    used 7711K, committed 8000K, reserved 1048576K
}

