# JRE version: Java(TM) SE Runtime Environment (20.0.2+9) (build 20.0.2+9-78)
# Java VM: Java HotSpot(TM) 64-Bit Server VM (20.0.2+9-78, mixed mode, sharing, tiered, compressed oops, compressed class ptrs, g1 gc, windows-amd64)
GC Precious Log:
 CardTable entry size: 512
 Card Set container configuration: InlinePtr #cards 5 size 8 Array Of Cards #cards 12 size 40 Howl #buckets 4 coarsen threshold 1843 Howl Bitmap #cards 512 size 80 coarsen threshold 460 Card regions per heap region 1 cards per card region 2048
 CPUs: 4 total, 4 available
 Memory: 8067M
 Large Page Support: Disabled
 NUMA Support: Disabled
 Compressed Oops: Enabled (32-bit)
 Heap Region Size: 1M
 Heap Min Capacity: 8M
 Heap Initial Capacity: 128M
 Heap Max Capacity: 2018M
 Pre-touch: Disabled
 Parallel Workers: 4
 Concurrent Workers: 1
 Concurrent Refinement Workers: 4
 Periodic GC: Disabled
Heap:
 garbage-first heap   total 68608K, used 40027K [0x0000000081e00000, 0x0000000100000000)
  region size 1024K, 6 young (6144K), 3 survivors (3072K)
 Metaspace       used 80506K, committed 81216K, reserved 1179648K
  class space    used 10765K, committed 11072K, reserved 1048576K
GC Heap History (20 events):
Event: 49.769 GC heap before
{Heap before GC invocations=16 (full 0):
 garbage-first heap   total 51200K, used 43495K [0x0000000081e00000, 0x0000000100000000)
  region size 1024K, 19 young (19456K), 3 survivors (3072K)
 Metaspace       used 63334K, committed 64000K, reserved 1114112K
  class space    used 8427K, committed 8704K, reserved 1048576K
}
Event: 49.781 GC heap after
{Heap after GC invocations=17 (full 0):
 garbage-first heap   total 51200K, used 29333K [0x0000000081e00000, 0x0000000100000000)
  region size 1024K, 3 young (3072K), 3 survivors (3072K)
 Metaspace       used 63334K, committed 64000K, reserved 1114112K
  class space    used 8427K, committed 8704K, reserved 1048576K
}
Event: 51.220 GC heap before
{Heap before GC invocations=18 (full 0):
 garbage-first heap   total 51200K, used 43669K [0x0000000081e00000, 0x0000000100000000)
  region size 1024K, 18 young (18432K), 3 survivors (3072K)
 Metaspace       used 65442K, committed 66048K, reserved 1114112K
  class space    used 8841K, committed 9088K, reserved 1048576K
}
Event: 51.232 GC heap after
{Heap after GC invocations=19 (full 0):
 garbage-first heap   total 51200K, used 31145K [0x0000000081e00000, 0x0000000100000000)
  region size 1024K, 3 young (3072K), 3 survivors (3072K)
 Metaspace       used 65442K, committed 66048K, reserved 1114112K
  class space    used 8841K, committed 9088K, reserved 1048576K
}
Event: 51.843 GC heap before
{Heap before GC invocations=19 (full 0):
 garbage-first heap   total 51200K, used 44457K [0x0000000081e00000, 0x0000000100000000)
  region size 1024K, 16 young (16384K), 3 survivors (3072K)
 Metaspace       used 65486K, committed 66048K, reserved 1114112K
  class space    used 8844K, committed 9088K, reserved 1048576K
}
Event: 51.856 GC heap after
{Heap after GC invocations=20 (full 0):
 garbage-first heap   total 51200K, used 31729K [0x0000000081e00000, 0x0000000100000000)
  region size 1024K, 2 young (2048K), 2 survivors (2048K)
 Metaspace       used 65486K, committed 66048K, reserved 1114112K
  class space    used 8844K, committed 9088K, reserved 1048576K
}
Event: 52.539 GC heap before
{Heap before GC invocations=20 (full 0):
 garbage-first heap   total 51200K, used 44017K [0x0000000081e00000, 0x0000000100000000)
  region size 1024K, 15 young (15360K), 2 survivors (2048K)
 Metaspace       used 67051K, committed 67712K, reserved 1114112K
  class space    used 9053K, committed 9344K, reserved 1048576K
}
Event: 52.543 GC heap after
{Heap after GC invocations=21 (full 0):
 garbage-first heap   total 51200K, used 32139K [0x0000000081e00000, 0x0000000100000000)
  region size 1024K, 2 young (2048K), 2 survivors (2048K)
 Metaspace       used 67051K, committed 67712K, reserved 1114112K
  class space    used 9053K, committed 9344K, reserved 1048576K
}
Event: 52.802 GC heap before
{Heap before GC invocations=22 (full 0):
 garbage-first heap   total 63488K, used 43403K [0x0000000081e00000, 0x0000000100000000)
  region size 1024K, 13 young (13312K), 2 survivors (2048K)
 Metaspace       used 67383K, committed 67968K, reserved 1114112K
  class space    used 9097K, committed 9344K, reserved 1048576K
}
Event: 52.806 GC heap after
{Heap after GC invocations=23 (full 0):
 garbage-first heap   total 63488K, used 32563K [0x0000000081e00000, 0x0000000100000000)
  region size 1024K, 2 young (2048K), 2 survivors (2048K)
 Metaspace       used 67383K, committed 67968K, reserved 1114112K
  class space    used 9097K, committed 9344K, reserved 1048576K
}
Event: 53.130 GC heap before
{Heap before GC invocations=23 (full 0):
 garbage-first heap   total 63488K, used 56115K [0x0000000081e00000, 0x0000000100000000)
  region size 1024K, 25 young (25600K), 2 survivors (2048K)
 Metaspace       used 67860K, committed 68480K, reserved 1114112K
  class space    used 9132K, committed 9408K, reserved 1048576K
}
Event: 53.135 GC heap after
{Heap after GC invocations=24 (full 0):
 garbage-first heap   total 63488K, used 32808K [0x0000000081e00000, 0x0000000100000000)
  region size 1024K, 3 young (3072K), 3 survivors (3072K)
 Metaspace       used 67860K, committed 68480K, reserved 1114112K
  class space    used 9132K, committed 9408K, reserved 1048576K
}
Event: 54.232 GC heap before
{Heap before GC invocations=24 (full 0):
 garbage-first heap   total 63488K, used 55336K [0x0000000081e00000, 0x0000000100000000)
  region size 1024K, 25 young (25600K), 3 survivors (3072K)
 Metaspace       used 70474K, committed 71168K, reserved 1114112K
  class space    used 9511K, committed 9856K, reserved 1048576K
}
Event: 54.243 GC heap after
{Heap after GC invocations=25 (full 0):
 garbage-first heap   total 63488K, used 34559K [0x0000000081e00000, 0x0000000100000000)
  region size 1024K, 3 young (3072K), 3 survivors (3072K)
 Metaspace       used 70474K, committed 71168K, reserved 1114112K
  class space    used 9511K, committed 9856K, reserved 1048576K
}
Event: 56.316 GC heap before
{Heap before GC invocations=26 (full 0):
 garbage-first heap   total 63488K, used 56063K [0x0000000081e00000, 0x0000000100000000)
  region size 1024K, 24 young (24576K), 3 survivors (3072K)
 Metaspace       used 73220K, committed 73856K, reserved 1114112K
  class space    used 9893K, committed 10176K, reserved 1048576K
}
Event: 56.324 GC heap after
{Heap after GC invocations=27 (full 0):
 garbage-first heap   total 63488K, used 36653K [0x0000000081e00000, 0x0000000100000000)
  region size 1024K, 2 young (2048K), 2 survivors (2048K)
 Metaspace       used 73220K, committed 73856K, reserved 1114112K
  class space    used 9893K, committed 10176K, reserved 1048576K
}
Event: 67.932 GC heap before
{Heap before GC invocations=27 (full 0):
 garbage-first heap   total 63488K, used 57133K [0x0000000081e00000, 0x0000000100000000)
  region size 1024K, 22 young (22528K), 2 survivors (2048K)
 Metaspace       used 78475K, committed 79168K, reserved 1179648K
  class space    used 10599K, committed 10880K, reserved 1048576K
}
Event: 67.945 GC heap after
{Heap after GC invocations=28 (full 0):
 garbage-first heap   total 63488K, used 37853K [0x0000000081e00000, 0x0000000100000000)
  region size 1024K, 2 young (2048K), 2 survivors (2048K)
 Metaspace       used 78475K, committed 79168K, reserved 1179648K
  class space    used 10599K, committed 10880K, reserved 1048576K
}
Event: 303.903 GC heap before
{Heap before GC invocations=28 (full 0):
 garbage-first heap   total 63488K, used 55261K [0x0000000081e00000, 0x0000000100000000)
  region size 1024K, 20 young (20480K), 2 survivors (2048K)
 Metaspace       used 80394K, committed 81024K, reserved 1179648K
  class space    used 10754K, committed 11008K, reserved 1048576K
}
Event: 303.910 GC heap after
{Heap after GC invocations=29 (full 0):
 garbage-first heap   total 63488K, used 39003K [0x0000000081e00000, 0x0000000100000000)
  region size 1024K, 3 young (3072K), 3 survivors (3072K)
 Metaspace       used 80394K, committed 81024K, reserved 1179648K
  class space    used 10754K, committed 11008K, reserved 1048576K
}

