# JRE version: Java(TM) SE Runtime Environment (20.0.2+9) (build 20.0.2+9-78)
# Java VM: Java HotSpot(TM) 64-Bit Server VM (20.0.2+9-78, mixed mode, sharing, tiered, compressed oops, compressed class ptrs, g1 gc, windows-amd64)
GC Precious Log:
 CardTable entry size: 512
 Card Set container configuration: InlinePtr #cards 5 size 8 Array Of Cards #cards 12 size 40 Howl #buckets 4 coarsen threshold 1843 Howl Bitmap #cards 512 size 80 coarsen threshold 460 Card regions per heap region 1 cards per card region 2048
 CPUs: 4 total, 4 available
 Memory: 8067M
 Large Page Support: Disabled
 NUMA Support: Disabled
 Compressed Oops: Enabled (32-bit)
 Heap Region Size: 1M
 Heap Min Capacity: 8M
 Heap Initial Capacity: 128M
 Heap Max Capacity: 2018M
 Pre-touch: Disabled
 Parallel Workers: 4
 Concurrent Workers: 1
 Concurrent Refinement Workers: 4
 Periodic GC: Disabled
Heap:
 garbage-first heap   total 51200K, used 30272K [0x0000000081e00000, 0x0000000100000000)
  region size 1024K, 3 young (3072K), 3 survivors (3072K)
 Metaspace       used 67095K, committed 67840K, reserved 1114112K
  class space    used 8935K, committed 9280K, reserved 1048576K
GC Heap History (20 events):
Event: 15.655 GC heap after
{Heap after GC invocations=8 (full 0):
 garbage-first heap   total 51200K, used 18317K [0x0000000081e00000, 0x0000000100000000)
  region size 1024K, 3 young (3072K), 3 survivors (3072K)
 Metaspace       used 35499K, committed 35968K, reserved 1114112K
  class space    used 4524K, committed 4736K, reserved 1048576K
}
Event: 17.954 GC heap before
{Heap before GC invocations=9 (full 0):
 garbage-first heap   total 51200K, used 42893K [0x0000000081e00000, 0x0000000100000000)
  region size 1024K, 27 young (27648K), 3 survivors (3072K)
 Metaspace       used 44781K, committed 45248K, reserved 1114112K
  class space    used 5695K, committed 5888K, reserved 1048576K
}
Event: 17.968 GC heap after
{Heap after GC invocations=10 (full 0):
 garbage-first heap   total 51200K, used 21136K [0x0000000081e00000, 0x0000000100000000)
  region size 1024K, 4 young (4096K), 4 survivors (4096K)
 Metaspace       used 44781K, committed 45248K, reserved 1114112K
  class space    used 5695K, committed 5888K, reserved 1048576K
}
Event: 19.197 GC heap before
{Heap before GC invocations=10 (full 0):
 garbage-first heap   total 51200K, used 42640K [0x0000000081e00000, 0x0000000100000000)
  region size 1024K, 25 young (25600K), 4 survivors (4096K)
 Metaspace       used 51380K, committed 51904K, reserved 1114112K
  class space    used 6739K, committed 6976K, reserved 1048576K
}
Event: 19.224 GC heap after
{Heap after GC invocations=11 (full 0):
 garbage-first heap   total 51200K, used 22218K [0x0000000081e00000, 0x0000000100000000)
  region size 1024K, 2 young (2048K), 2 survivors (2048K)
 Metaspace       used 51380K, committed 51904K, reserved 1114112K
  class space    used 6739K, committed 6976K, reserved 1048576K
}
Event: 20.518 GC heap before
{Heap before GC invocations=11 (full 0):
 garbage-first heap   total 51200K, used 42698K [0x0000000081e00000, 0x0000000100000000)
  region size 1024K, 22 young (22528K), 2 survivors (2048K)
 Metaspace       used 55371K, committed 55936K, reserved 1114112K
  class space    used 7247K, committed 7488K, reserved 1048576K
}
Event: 20.526 GC heap after
{Heap after GC invocations=12 (full 0):
 garbage-first heap   total 51200K, used 23236K [0x0000000081e00000, 0x0000000100000000)
  region size 1024K, 3 young (3072K), 3 survivors (3072K)
 Metaspace       used 55371K, committed 55936K, reserved 1114112K
  class space    used 7247K, committed 7488K, reserved 1048576K
}
Event: 22.059 GC heap before
{Heap before GC invocations=12 (full 0):
 garbage-first heap   total 51200K, used 43716K [0x0000000081e00000, 0x0000000100000000)
  region size 1024K, 23 young (23552K), 3 survivors (3072K)
 Metaspace       used 58524K, committed 59136K, reserved 1114112K
  class space    used 7656K, committed 7936K, reserved 1048576K
}
Event: 22.070 GC heap after
{Heap after GC invocations=13 (full 0):
 garbage-first heap   total 51200K, used 24601K [0x0000000081e00000, 0x0000000100000000)
  region size 1024K, 3 young (3072K), 3 survivors (3072K)
 Metaspace       used 58524K, committed 59136K, reserved 1114112K
  class space    used 7656K, committed 7936K, reserved 1048576K
}
Event: 23.144 GC heap before
{Heap before GC invocations=13 (full 0):
 garbage-first heap   total 51200K, used 33817K [0x0000000081e00000, 0x0000000100000000)
  region size 1024K, 13 young (13312K), 3 survivors (3072K)
 Metaspace       used 60380K, committed 60928K, reserved 1114112K
  class space    used 8005K, committed 8256K, reserved 1048576K
}
Event: 23.154 GC heap after
{Heap after GC invocations=14 (full 0):
 garbage-first heap   total 51200K, used 25220K [0x0000000081e00000, 0x0000000100000000)
  region size 1024K, 2 young (2048K), 2 survivors (2048K)
 Metaspace       used 60380K, committed 60928K, reserved 1114112K
  class space    used 8005K, committed 8256K, reserved 1048576K
}
Event: 23.842 GC heap before
{Heap before GC invocations=15 (full 0):
 garbage-first heap   total 51200K, used 45700K [0x0000000081e00000, 0x0000000100000000)
  region size 1024K, 22 young (22528K), 2 survivors (2048K)
 Metaspace       used 60603K, committed 61184K, reserved 1114112K
  class space    used 8067K, committed 8320K, reserved 1048576K
}
Event: 23.855 GC heap after
{Heap after GC invocations=16 (full 0):
 garbage-first heap   total 51200K, used 27833K [0x0000000081e00000, 0x0000000100000000)
  region size 1024K, 3 young (3072K), 3 survivors (3072K)
 Metaspace       used 60603K, committed 61184K, reserved 1114112K
  class space    used 8067K, committed 8320K, reserved 1048576K
}
Event: 25.508 GC heap before
{Heap before GC invocations=16 (full 0):
 garbage-first heap   total 51200K, used 43193K [0x0000000081e00000, 0x0000000100000000)
  region size 1024K, 19 young (19456K), 3 survivors (3072K)
 Metaspace       used 62273K, committed 62848K, reserved 1114112K
  class space    used 8305K, committed 8576K, reserved 1048576K
}
Event: 25.514 GC heap after
{Heap after GC invocations=17 (full 0):
 garbage-first heap   total 51200K, used 27198K [0x0000000081e00000, 0x0000000100000000)
  region size 1024K, 2 young (2048K), 2 survivors (2048K)
 Metaspace       used 62273K, committed 62848K, reserved 1114112K
  class space    used 8305K, committed 8576K, reserved 1048576K
}
Event: 26.008 GC heap before
{Heap before GC invocations=17 (full 0):
 garbage-first heap   total 51200K, used 44606K [0x0000000081e00000, 0x0000000100000000)
  region size 1024K, 19 young (19456K), 2 survivors (2048K)
 Metaspace       used 63373K, committed 64000K, reserved 1114112K
  class space    used 8461K, committed 8768K, reserved 1048576K
}
Event: 26.012 GC heap after
{Heap after GC invocations=18 (full 0):
 garbage-first heap   total 51200K, used 27962K [0x0000000081e00000, 0x0000000100000000)
  region size 1024K, 2 young (2048K), 2 survivors (2048K)
 Metaspace       used 63373K, committed 64000K, reserved 1114112K
  class space    used 8461K, committed 8768K, reserved 1048576K
}
Event: 27.346 GC heap before
{Heap before GC invocations=19 (full 0):
 garbage-first heap   total 51200K, used 45370K [0x0000000081e00000, 0x0000000100000000)
  region size 1024K, 19 young (19456K), 2 survivors (2048K)
 Metaspace       used 64792K, committed 65472K, reserved 1114112K
  class space    used 8654K, committed 8960K, reserved 1048576K
}
Event: 27.353 GC heap after
{Heap after GC invocations=20 (full 0):
 garbage-first heap   total 51200K, used 29255K [0x0000000081e00000, 0x0000000100000000)
  region size 1024K, 3 young (3072K), 3 survivors (3072K)
 Metaspace       used 64792K, committed 65472K, reserved 1114112K
  class space    used 8654K, committed 8960K, reserved 1048576K
}
Event: 608.887 GC heap before
{Heap before GC invocations=20 (full 0):
 garbage-first heap   total 51200K, used 43591K [0x0000000081e00000, 0x0000000100000000)
  region size 1024K, 17 young (17408K), 3 survivors (3072K)
 Metaspace       used 67095K, committed 67840K, reserved 1114112K
  class space    used 8935K, committed 9280K, reserved 1048576K
}

