# JRE version: Java(TM) SE Runtime Environment (20.0.2+9) (build 20.0.2+9-78)
# Java VM: Java HotSpot(TM) 64-Bit Server VM (20.0.2+9-78, mixed mode, sharing, tiered, compressed oops, compressed class ptrs, g1 gc, windows-amd64)
GC Precious Log:
 CardTable entry size: 512
 Card Set container configuration: InlinePtr #cards 5 size 8 Array Of Cards #cards 12 size 40 Howl #buckets 4 coarsen threshold 1843 Howl Bitmap #cards 512 size 80 coarsen threshold 460 Card regions per heap region 1 cards per card region 2048
 CPUs: 4 total, 4 available
 Memory: 8067M
 Large Page Support: Disabled
 NUMA Support: Disabled
 Compressed Oops: Enabled (32-bit)
 Heap Region Size: 1M
 Heap Min Capacity: 8M
 Heap Initial Capacity: 128M
 Heap Max Capacity: 2018M
 Pre-touch: Disabled
 Parallel Workers: 4
 Concurrent Workers: 1
 Concurrent Refinement Workers: 4
 Periodic GC: Disabled
Heap:
 garbage-first heap   total 58368K, used 31713K [0x0000000081e00000, 0x0000000100000000)
  region size 1024K, 2 young (2048K), 2 survivors (2048K)
 Metaspace       used 67850K, committed 68480K, reserved 1114112K
  class space    used 9035K, committed 9344K, reserved 1048576K
GC Heap History (20 events):
Event: 8.198 GC heap after
{Heap after GC invocations=7 (full 0):
 garbage-first heap   total 48128K, used 17843K [0x0000000081e00000, 0x0000000100000000)
  region size 1024K, 2 young (2048K), 2 survivors (2048K)
 Metaspace       used 30626K, committed 31232K, reserved 1114112K
  class space    used 3815K, committed 4096K, reserved 1048576K
}
Event: 8.886 GC heap before
{Heap before GC invocations=7 (full 0):
 garbage-first heap   total 48128K, used 34227K [0x0000000081e00000, 0x0000000100000000)
  region size 1024K, 19 young (19456K), 2 survivors (2048K)
 Metaspace       used 35475K, committed 35968K, reserved 1114112K
  class space    used 4512K, committed 4736K, reserved 1048576K
}
Event: 8.892 GC heap after
{Heap after GC invocations=8 (full 0):
 garbage-first heap   total 48128K, used 19349K [0x0000000081e00000, 0x0000000100000000)
  region size 1024K, 2 young (2048K), 2 survivors (2048K)
 Metaspace       used 35475K, committed 35968K, reserved 1114112K
  class space    used 4512K, committed 4736K, reserved 1048576K
}
Event: 10.169 GC heap before
{Heap before GC invocations=9 (full 0):
 garbage-first heap   total 48128K, used 38805K [0x0000000081e00000, 0x0000000100000000)
  region size 1024K, 22 young (22528K), 2 survivors (2048K)
 Metaspace       used 43870K, committed 44416K, reserved 1114112K
  class space    used 5564K, committed 5824K, reserved 1048576K
}
Event: 10.176 GC heap after
{Heap after GC invocations=10 (full 0):
 garbage-first heap   total 48128K, used 21728K [0x0000000081e00000, 0x0000000100000000)
  region size 1024K, 3 young (3072K), 3 survivors (3072K)
 Metaspace       used 43870K, committed 44416K, reserved 1114112K
  class space    used 5564K, committed 5824K, reserved 1048576K
}
Event: 10.920 GC heap before
{Heap before GC invocations=10 (full 0):
 garbage-first heap   total 48128K, used 40160K [0x0000000081e00000, 0x0000000100000000)
  region size 1024K, 21 young (21504K), 3 survivors (3072K)
 Metaspace       used 49679K, committed 50240K, reserved 1114112K
  class space    used 6454K, committed 6720K, reserved 1048576K
}
Event: 10.931 GC heap after
{Heap after GC invocations=11 (full 0):
 garbage-first heap   total 48128K, used 22461K [0x0000000081e00000, 0x0000000100000000)
  region size 1024K, 2 young (2048K), 2 survivors (2048K)
 Metaspace       used 49679K, committed 50240K, reserved 1114112K
  class space    used 6454K, committed 6720K, reserved 1048576K
}
Event: 11.594 GC heap before
{Heap before GC invocations=11 (full 0):
 garbage-first heap   total 48128K, used 40893K [0x0000000081e00000, 0x0000000100000000)
  region size 1024K, 20 young (20480K), 2 survivors (2048K)
 Metaspace       used 53079K, committed 53696K, reserved 1114112K
  class space    used 6953K, committed 7232K, reserved 1048576K
}
Event: 11.600 GC heap after
{Heap after GC invocations=12 (full 0):
 garbage-first heap   total 58368K, used 22988K [0x0000000081e00000, 0x0000000100000000)
  region size 1024K, 2 young (2048K), 2 survivors (2048K)
 Metaspace       used 53079K, committed 53696K, reserved 1114112K
  class space    used 6953K, committed 7232K, reserved 1048576K
}
Event: 12.548 GC heap before
{Heap before GC invocations=12 (full 0):
 garbage-first heap   total 58368K, used 50636K [0x0000000081e00000, 0x0000000100000000)
  region size 1024K, 29 young (29696K), 2 survivors (2048K)
 Metaspace       used 58277K, committed 58880K, reserved 1114112K
  class space    used 7607K, committed 7872K, reserved 1048576K
}
Event: 12.561 GC heap after
{Heap after GC invocations=13 (full 0):
 garbage-first heap   total 58368K, used 25263K [0x0000000081e00000, 0x0000000100000000)
  region size 1024K, 4 young (4096K), 4 survivors (4096K)
 Metaspace       used 58277K, committed 58880K, reserved 1114112K
  class space    used 7607K, committed 7872K, reserved 1048576K
}
Event: 12.826 GC heap before
{Heap before GC invocations=13 (full 0):
 garbage-first heap   total 58368K, used 36527K [0x0000000081e00000, 0x0000000100000000)
  region size 1024K, 16 young (16384K), 4 survivors (4096K)
 Metaspace       used 60287K, committed 60800K, reserved 1114112K
  class space    used 7978K, committed 8192K, reserved 1048576K
}
Event: 12.834 GC heap after
{Heap after GC invocations=14 (full 0):
 garbage-first heap   total 58368K, used 25913K [0x0000000081e00000, 0x0000000100000000)
  region size 1024K, 3 young (3072K), 3 survivors (3072K)
 Metaspace       used 60287K, committed 60800K, reserved 1114112K
  class space    used 7978K, committed 8192K, reserved 1048576K
}
Event: 13.239 GC heap before
{Heap before GC invocations=15 (full 0):
 garbage-first heap   total 58368K, used 49465K [0x0000000081e00000, 0x0000000100000000)
  region size 1024K, 27 young (27648K), 3 survivors (3072K)
 Metaspace       used 61116K, committed 61632K, reserved 1114112K
  class space    used 8147K, committed 8384K, reserved 1048576K
}
Event: 13.249 GC heap after
{Heap after GC invocations=16 (full 0):
 garbage-first heap   total 58368K, used 26922K [0x0000000081e00000, 0x0000000100000000)
  region size 1024K, 2 young (2048K), 2 survivors (2048K)
 Metaspace       used 61116K, committed 61632K, reserved 1114112K
  class space    used 8147K, committed 8384K, reserved 1048576K
}
Event: 13.720 GC heap before
{Heap before GC invocations=16 (full 0):
 garbage-first heap   total 58368K, used 51498K [0x0000000081e00000, 0x0000000100000000)
  region size 1024K, 26 young (26624K), 2 survivors (2048K)
 Metaspace       used 62365K, committed 62976K, reserved 1114112K
  class space    used 8301K, committed 8576K, reserved 1048576K
}
Event: 13.726 GC heap after
{Heap after GC invocations=17 (full 0):
 garbage-first heap   total 58368K, used 28117K [0x0000000081e00000, 0x0000000100000000)
  region size 1024K, 4 young (4096K), 4 survivors (4096K)
 Metaspace       used 62365K, committed 62976K, reserved 1114112K
  class space    used 8301K, committed 8576K, reserved 1048576K
}
Event: 14.323 GC heap before
{Heap before GC invocations=17 (full 0):
 garbage-first heap   total 58368K, used 48597K [0x0000000081e00000, 0x0000000100000000)
  region size 1024K, 24 young (24576K), 4 survivors (4096K)
 Metaspace       used 64760K, committed 65472K, reserved 1114112K
  class space    used 8640K, committed 8960K, reserved 1048576K
}
Event: 14.331 GC heap after
{Heap after GC invocations=18 (full 0):
 garbage-first heap   total 58368K, used 29916K [0x0000000081e00000, 0x0000000100000000)
  region size 1024K, 3 young (3072K), 3 survivors (3072K)
 Metaspace       used 64760K, committed 65472K, reserved 1114112K
  class space    used 8640K, committed 8960K, reserved 1048576K
}
Event: 411.950 GC heap before
{Heap before GC invocations=18 (full 0):
 garbage-first heap   total 58368K, used 49372K [0x0000000081e00000, 0x0000000100000000)
  region size 1024K, 23 young (23552K), 3 survivors (3072K)
 Metaspace       used 67850K, committed 68480K, reserved 1114112K
  class space    used 9035K, committed 9344K, reserved 1048576K
}

