# JRE version: Java(TM) SE Runtime Environment (20.0.2+9) (build 20.0.2+9-78)
# Java VM: Java HotSpot(TM) 64-Bit Server VM (20.0.2+9-78, mixed mode, sharing, tiered, compressed oops, compressed class ptrs, g1 gc, windows-amd64)
GC Precious Log:
 CardTable entry size: 512
 Card Set container configuration: InlinePtr #cards 5 size 8 Array Of Cards #cards 12 size 40 Howl #buckets 4 coarsen threshold 1843 Howl Bitmap #cards 512 size 80 coarsen threshold 460 Card regions per heap region 1 cards per card region 2048
 CPUs: 4 total, 4 available
 Memory: 8067M
 Large Page Support: Disabled
 NUMA Support: Disabled
 Compressed Oops: Enabled (32-bit)
 Heap Region Size: 1M
 Heap Min Capacity: 8M
 Heap Initial Capacity: 128M
 Heap Max Capacity: 2018M
 Pre-touch: Disabled
 Parallel Workers: 4
 Concurrent Workers: 1
 Concurrent Refinement Workers: 4
 Periodic GC: Disabled
Heap:
 garbage-first heap   total 58368K, used 46408K [0x0000000081e00000, 0x0000000100000000)
  region size 1024K, 17 young (17408K), 2 survivors (2048K)
 Metaspace       used 75487K, committed 76288K, reserved 1179648K
  class space    used 9744K, committed 10112K, reserved 1048576K
GC Heap History (20 events):
Event: 13.002 GC heap before
{Heap before GC invocations=13 (full 0):
 garbage-first heap   total 48128K, used 41131K [0x0000000081e00000, 0x0000000100000000)
  region size 1024K, 19 young (19456K), 3 survivors (3072K)
 Metaspace       used 59317K, committed 59904K, reserved 1114112K
  class space    used 7736K, committed 8000K, reserved 1048576K
}
Event: 13.012 GC heap after
{Heap after GC invocations=14 (full 0):
 garbage-first heap   total 58368K, used 26006K [0x0000000081e00000, 0x0000000100000000)
  region size 1024K, 2 young (2048K), 2 survivors (2048K)
 Metaspace       used 59317K, committed 59904K, reserved 1114112K
  class space    used 7736K, committed 8000K, reserved 1048576K
}
Event: 13.362 GC heap before
{Heap before GC invocations=15 (full 0):
 garbage-first heap   total 58368K, used 50582K [0x0000000081e00000, 0x0000000100000000)
  region size 1024K, 26 young (26624K), 2 survivors (2048K)
 Metaspace       used 60407K, committed 60992K, reserved 1114112K
  class space    used 8061K, committed 8320K, reserved 1048576K
}
Event: 13.367 GC heap after
{Heap after GC invocations=16 (full 0):
 garbage-first heap   total 58368K, used 27189K [0x0000000081e00000, 0x0000000100000000)
  region size 1024K, 3 young (3072K), 3 survivors (3072K)
 Metaspace       used 60407K, committed 60992K, reserved 1114112K
  class space    used 8061K, committed 8320K, reserved 1048576K
}
Event: 13.905 GC heap before
{Heap before GC invocations=16 (full 0):
 garbage-first heap   total 58368K, used 48693K [0x0000000081e00000, 0x0000000100000000)
  region size 1024K, 25 young (25600K), 3 survivors (3072K)
 Metaspace       used 62316K, committed 62912K, reserved 1114112K
  class space    used 8303K, committed 8576K, reserved 1048576K
}
Event: 13.914 GC heap after
{Heap after GC invocations=17 (full 0):
 garbage-first heap   total 58368K, used 27645K [0x0000000081e00000, 0x0000000100000000)
  region size 1024K, 3 young (3072K), 3 survivors (3072K)
 Metaspace       used 62316K, committed 62912K, reserved 1114112K
  class space    used 8303K, committed 8576K, reserved 1048576K
}
Event: 15.084 GC heap before
{Heap before GC invocations=17 (full 0):
 garbage-first heap   total 58368K, used 50173K [0x0000000081e00000, 0x0000000100000000)
  region size 1024K, 25 young (25600K), 3 survivors (3072K)
 Metaspace       used 64786K, committed 65408K, reserved 1114112K
  class space    used 8649K, committed 8960K, reserved 1048576K
}
Event: 15.093 GC heap after
{Heap after GC invocations=18 (full 0):
 garbage-first heap   total 58368K, used 29621K [0x0000000081e00000, 0x0000000100000000)
  region size 1024K, 3 young (3072K), 3 survivors (3072K)
 Metaspace       used 64786K, committed 65408K, reserved 1114112K
  class space    used 8649K, committed 8960K, reserved 1048576K
}
Event: 19.274 GC heap before
{Heap before GC invocations=18 (full 0):
 garbage-first heap   total 58368K, used 50101K [0x0000000081e00000, 0x0000000100000000)
  region size 1024K, 24 young (24576K), 3 survivors (3072K)
 Metaspace       used 67425K, committed 68096K, reserved 1114112K
  class space    used 8986K, committed 9280K, reserved 1048576K
}
Event: 19.287 GC heap after
{Heap after GC invocations=19 (full 0):
 garbage-first heap   total 58368K, used 31213K [0x0000000081e00000, 0x0000000100000000)
  region size 1024K, 2 young (2048K), 2 survivors (2048K)
 Metaspace       used 67425K, committed 68096K, reserved 1114112K
  class space    used 8986K, committed 9280K, reserved 1048576K
}
Event: 37.024 GC heap before
{Heap before GC invocations=20 (full 0):
 garbage-first heap   total 58368K, used 50669K [0x0000000081e00000, 0x0000000100000000)
  region size 1024K, 22 young (22528K), 2 survivors (2048K)
 Metaspace       used 71386K, committed 72000K, reserved 1114112K
  class space    used 9506K, committed 9792K, reserved 1048576K
}
Event: 37.029 GC heap after
{Heap after GC invocations=21 (full 0):
 garbage-first heap   total 58368K, used 32560K [0x0000000081e00000, 0x0000000100000000)
  region size 1024K, 3 young (3072K), 3 survivors (3072K)
 Metaspace       used 71386K, committed 72000K, reserved 1114112K
  class space    used 9506K, committed 9792K, reserved 1048576K
}
Event: 334.482 GC heap before
{Heap before GC invocations=21 (full 0):
 garbage-first heap   total 58368K, used 49968K [0x0000000081e00000, 0x0000000100000000)
  region size 1024K, 21 young (21504K), 3 survivors (3072K)
 Metaspace       used 73280K, committed 73984K, reserved 1114112K
  class space    used 9654K, committed 9984K, reserved 1048576K
}
Event: 334.491 GC heap after
{Heap after GC invocations=22 (full 0):
 garbage-first heap   total 58368K, used 32804K [0x0000000081e00000, 0x0000000100000000)
  region size 1024K, 3 young (3072K), 3 survivors (3072K)
 Metaspace       used 73280K, committed 73984K, reserved 1114112K
  class space    used 9654K, committed 9984K, reserved 1048576K
}
Event: 399.747 GC heap before
{Heap before GC invocations=22 (full 0):
 garbage-first heap   total 58368K, used 49188K [0x0000000081e00000, 0x0000000100000000)
  region size 1024K, 20 young (20480K), 3 survivors (3072K)
 Metaspace       used 73977K, committed 74752K, reserved 1114112K
  class space    used 9678K, committed 10048K, reserved 1048576K
}
Event: 399.751 GC heap after
{Heap after GC invocations=23 (full 0):
 garbage-first heap   total 58368K, used 33108K [0x0000000081e00000, 0x0000000100000000)
  region size 1024K, 1 young (1024K), 1 survivors (1024K)
 Metaspace       used 73977K, committed 74752K, reserved 1114112K
  class space    used 9678K, committed 10048K, reserved 1048576K
}
Event: 583.535 GC heap before
{Heap before GC invocations=24 (full 0):
 garbage-first heap   total 58368K, used 51540K [0x0000000081e00000, 0x0000000100000000)
  region size 1024K, 20 young (20480K), 1 survivors (1024K)
 Metaspace       used 74737K, committed 75456K, reserved 1179648K
  class space    used 9726K, committed 10048K, reserved 1048576K
}
Event: 583.539 GC heap after
{Heap after GC invocations=25 (full 0):
 garbage-first heap   total 58368K, used 33256K [0x0000000081e00000, 0x0000000100000000)
  region size 1024K, 2 young (2048K), 2 survivors (2048K)
 Metaspace       used 74737K, committed 75456K, reserved 1179648K
  class space    used 9726K, committed 10048K, reserved 1048576K
}
Event: 716.378 GC heap before
{Heap before GC invocations=25 (full 0):
 garbage-first heap   total 58368K, used 49640K [0x0000000081e00000, 0x0000000100000000)
  region size 1024K, 19 young (19456K), 2 survivors (2048K)
 Metaspace       used 75165K, committed 75904K, reserved 1179648K
  class space    used 9727K, committed 10048K, reserved 1048576K
}
Event: 716.382 GC heap after
{Heap after GC invocations=26 (full 0):
 garbage-first heap   total 58368K, used 33096K [0x0000000081e00000, 0x0000000100000000)
  region size 1024K, 2 young (2048K), 2 survivors (2048K)
 Metaspace       used 75165K, committed 75904K, reserved 1179648K
  class space    used 9727K, committed 10048K, reserved 1048576K
}

