# JRE version: Java(TM) SE Runtime Environment (20.0.2+9) (build 20.0.2+9-78)
# Java VM: Java HotSpot(TM) 64-Bit Server VM (20.0.2+9-78, mixed mode, sharing, tiered, compressed oops, compressed class ptrs, g1 gc, windows-amd64)
GC Precious Log:
 CardTable entry size: 512
 Card Set container configuration: InlinePtr #cards 5 size 8 Array Of Cards #cards 12 size 40 Howl #buckets 4 coarsen threshold 1843 Howl Bitmap #cards 512 size 80 coarsen threshold 460 Card regions per heap region 1 cards per card region 2048
 CPUs: 4 total, 4 available
 Memory: 8067M
 Large Page Support: Disabled
 NUMA Support: Disabled
 Compressed Oops: Enabled (32-bit)
 Heap Region Size: 1M
 Heap Min Capacity: 8M
 Heap Initial Capacity: 128M
 Heap Max Capacity: 2018M
 Pre-touch: Disabled
 Parallel Workers: 4
 Concurrent Workers: 1
 Concurrent Refinement Workers: 4
 Periodic GC: Disabled
Heap:
 garbage-first heap   total 61440K, used 46684K [0x0000000081e00000, 0x0000000100000000)
  region size 1024K, 24 young (24576K), 4 survivors (4096K)
 Metaspace       used 64375K, committed 65024K, reserved 1114112K
  class space    used 8642K, committed 8896K, reserved 1048576K
GC Heap History (20 events):
Event: 4.999 GC heap before
{Heap before GC invocations=3 (full 0):
 garbage-first heap   total 131072K, used 48918K [0x0000000081e00000, 0x0000000100000000)
  region size 1024K, 44 young (45056K), 4 survivors (4096K)
 Metaspace       used 21193K, committed 21504K, reserved 1114112K
  class space    used 2627K, committed 2816K, reserved 1048576K
}
Event: 5.015 GC heap after
{Heap after GC invocations=4 (full 0):
 garbage-first heap   total 131072K, used 13465K [0x0000000081e00000, 0x0000000100000000)
  region size 1024K, 7 young (7168K), 7 survivors (7168K)
 Metaspace       used 21193K, committed 21504K, reserved 1114112K
  class space    used 2627K, committed 2816K, reserved 1048576K
}
Event: 6.330 GC heap before
{Heap before GC invocations=5 (full 0):
 garbage-first heap   total 51200K, used 37017K [0x0000000081e00000, 0x0000000100000000)
  region size 1024K, 30 young (30720K), 7 survivors (7168K)
 Metaspace       used 24898K, committed 25344K, reserved 1114112K
  class space    used 3128K, committed 3328K, reserved 1048576K
}
Event: 6.350 GC heap after
{Heap after GC invocations=6 (full 0):
 garbage-first heap   total 51200K, used 15523K [0x0000000081e00000, 0x0000000100000000)
  region size 1024K, 3 young (3072K), 3 survivors (3072K)
 Metaspace       used 24898K, committed 25344K, reserved 1114112K
  class space    used 3128K, committed 3328K, reserved 1048576K
}
Event: 7.887 GC heap before
{Heap before GC invocations=6 (full 0):
 garbage-first heap   total 51200K, used 38051K [0x0000000081e00000, 0x0000000100000000)
  region size 1024K, 26 young (26624K), 3 survivors (3072K)
 Metaspace       used 30568K, committed 31040K, reserved 1114112K
  class space    used 3871K, committed 4096K, reserved 1048576K
}
Event: 7.904 GC heap after
{Heap after GC invocations=7 (full 0):
 garbage-first heap   total 51200K, used 17867K [0x0000000081e00000, 0x0000000100000000)
  region size 1024K, 4 young (4096K), 4 survivors (4096K)
 Metaspace       used 30568K, committed 31040K, reserved 1114112K
  class space    used 3871K, committed 4096K, reserved 1048576K
}
Event: 8.876 GC heap before
{Heap before GC invocations=7 (full 0):
 garbage-first heap   total 51200K, used 39371K [0x0000000081e00000, 0x0000000100000000)
  region size 1024K, 26 young (26624K), 4 survivors (4096K)
 Metaspace       used 35109K, committed 35648K, reserved 1114112K
  class space    used 4553K, committed 4800K, reserved 1048576K
}
Event: 8.890 GC heap after
{Heap after GC invocations=8 (full 0):
 garbage-first heap   total 51200K, used 20088K [0x0000000081e00000, 0x0000000100000000)
  region size 1024K, 2 young (2048K), 2 survivors (2048K)
 Metaspace       used 35109K, committed 35648K, reserved 1114112K
  class space    used 4553K, committed 4800K, reserved 1048576K
}
Event: 8.941 GC heap before
{Heap before GC invocations=8 (full 0):
 garbage-first heap   total 51200K, used 21112K [0x0000000081e00000, 0x0000000100000000)
  region size 1024K, 4 young (4096K), 2 survivors (2048K)
 Metaspace       used 35594K, committed 36096K, reserved 1114112K
  class space    used 4617K, committed 4864K, reserved 1048576K
}
Event: 8.946 GC heap after
{Heap after GC invocations=9 (full 0):
 garbage-first heap   total 51200K, used 19916K [0x0000000081e00000, 0x0000000100000000)
  region size 1024K, 2 young (2048K), 2 survivors (2048K)
 Metaspace       used 35594K, committed 36096K, reserved 1114112K
  class space    used 4617K, committed 4864K, reserved 1048576K
}
Event: 10.314 GC heap before
{Heap before GC invocations=10 (full 0):
 garbage-first heap   total 51200K, used 42444K [0x0000000081e00000, 0x0000000100000000)
  region size 1024K, 25 young (25600K), 2 survivors (2048K)
 Metaspace       used 45386K, committed 45952K, reserved 1114112K
  class space    used 5824K, committed 6080K, reserved 1048576K
}
Event: 10.323 GC heap after
{Heap after GC invocations=11 (full 0):
 garbage-first heap   total 51200K, used 22413K [0x0000000081e00000, 0x0000000100000000)
  region size 1024K, 4 young (4096K), 4 survivors (4096K)
 Metaspace       used 45386K, committed 45952K, reserved 1114112K
  class space    used 5824K, committed 6080K, reserved 1048576K
}
Event: 11.149 GC heap before
{Heap before GC invocations=11 (full 0):
 garbage-first heap   total 51200K, used 42893K [0x0000000081e00000, 0x0000000100000000)
  region size 1024K, 25 young (25600K), 4 survivors (4096K)
 Metaspace       used 50532K, committed 51072K, reserved 1114112K
  class space    used 6602K, committed 6848K, reserved 1048576K
}
Event: 11.167 GC heap after
{Heap after GC invocations=12 (full 0):
 garbage-first heap   total 51200K, used 23944K [0x0000000081e00000, 0x0000000100000000)
  region size 1024K, 2 young (2048K), 2 survivors (2048K)
 Metaspace       used 50532K, committed 51072K, reserved 1114112K
  class space    used 6602K, committed 6848K, reserved 1048576K
}
Event: 12.054 GC heap before
{Heap before GC invocations=12 (full 0):
 garbage-first heap   total 51200K, used 44424K [0x0000000081e00000, 0x0000000100000000)
  region size 1024K, 22 young (22528K), 2 survivors (2048K)
 Metaspace       used 54542K, committed 55104K, reserved 1114112K
  class space    used 7211K, committed 7488K, reserved 1048576K
}
Event: 12.062 GC heap after
{Heap after GC invocations=13 (full 0):
 garbage-first heap   total 61440K, used 24361K [0x0000000081e00000, 0x0000000100000000)
  region size 1024K, 3 young (3072K), 3 survivors (3072K)
 Metaspace       used 54542K, committed 55104K, reserved 1114112K
  class space    used 7211K, committed 7488K, reserved 1048576K
}
Event: 13.422 GC heap before
{Heap before GC invocations=13 (full 0):
 garbage-first heap   total 61440K, used 47913K [0x0000000081e00000, 0x0000000100000000)
  region size 1024K, 27 young (27648K), 3 survivors (3072K)
 Metaspace       used 59999K, committed 60608K, reserved 1114112K
  class space    used 7908K, committed 8192K, reserved 1048576K
}
Event: 13.435 GC heap after
{Heap after GC invocations=14 (full 0):
 garbage-first heap   total 61440K, used 26142K [0x0000000081e00000, 0x0000000100000000)
  region size 1024K, 3 young (3072K), 3 survivors (3072K)
 Metaspace       used 59999K, committed 60608K, reserved 1114112K
  class space    used 7908K, committed 8192K, reserved 1048576K
}
Event: 14.372 GC heap before
{Heap before GC invocations=15 (full 0):
 garbage-first heap   total 61440K, used 54814K [0x0000000081e00000, 0x0000000100000000)
  region size 1024K, 31 young (31744K), 3 survivors (3072K)
 Metaspace       used 63227K, committed 63808K, reserved 1114112K
  class space    used 8502K, committed 8768K, reserved 1048576K
}
Event: 14.382 GC heap after
{Heap after GC invocations=16 (full 0):
 garbage-first heap   total 61440K, used 28252K [0x0000000081e00000, 0x0000000100000000)
  region size 1024K, 4 young (4096K), 4 survivors (4096K)
 Metaspace       used 63227K, committed 63808K, reserved 1114112K
  class space    used 8502K, committed 8768K, reserved 1048576K
}

