# JRE version: Java(TM) SE Runtime Environment (20.0.2+9) (build 20.0.2+9-78)
# Java VM: Java HotSpot(TM) 64-Bit Server VM (20.0.2+9-78, mixed mode, sharing, tiered, compressed oops, compressed class ptrs, g1 gc, windows-amd64)
GC Precious Log:
 CardTable entry size: 512
 Card Set container configuration: InlinePtr #cards 5 size 8 Array Of Cards #cards 12 size 40 Howl #buckets 4 coarsen threshold 1843 Howl Bitmap #cards 512 size 80 coarsen threshold 460 Card regions per heap region 1 cards per card region 2048
 CPUs: 4 total, 4 available
 Memory: 8067M
 Large Page Support: Disabled
 NUMA Support: Disabled
 Compressed Oops: Enabled (32-bit)
 Heap Region Size: 1M
 Heap Min Capacity: 8M
 Heap Initial Capacity: 128M
 Heap Max Capacity: 2018M
 Pre-touch: Disabled
 Parallel Workers: 4
 Concurrent Workers: 1
 Concurrent Refinement Workers: 4
 Periodic GC: Disabled
Heap:
 garbage-first heap   total 51200K, used 23155K [0x0000000081e00000, 0x0000000100000000)
  region size 1024K, 8 young (8192K), 3 survivors (3072K)
 Metaspace       used 39398K, committed 39872K, reserved 1114112K
  class space    used 4993K, committed 5184K, reserved 1048576K
GC Heap History (14 events):
Event: 2.756 GC heap before
{Heap before GC invocations=0 (full 0):
 garbage-first heap   total 131072K, used 14336K [0x0000000081e00000, 0x0000000100000000)
  region size 1024K, 13 young (13312K), 0 survivors (0K)
 Metaspace       used 3805K, committed 4032K, reserved 1114112K
  class space    used 383K, committed 512K, reserved 1048576K
}
Event: 2.775 GC heap after
{Heap after GC invocations=1 (full 0):
 garbage-first heap   total 131072K, used 6412K [0x0000000081e00000, 0x0000000100000000)
  region size 1024K, 2 young (2048K), 2 survivors (2048K)
 Metaspace       used 3805K, committed 4032K, reserved 1114112K
  class space    used 383K, committed 512K, reserved 1048576K
}
Event: 3.974 GC heap before
{Heap before GC invocations=1 (full 0):
 garbage-first heap   total 131072K, used 19724K [0x0000000081e00000, 0x0000000100000000)
  region size 1024K, 15 young (15360K), 2 survivors (2048K)
 Metaspace       used 7855K, committed 8128K, reserved 1114112K
  class space    used 932K, committed 1024K, reserved 1048576K
}
Event: 3.980 GC heap after
{Heap after GC invocations=2 (full 0):
 garbage-first heap   total 131072K, used 7723K [0x0000000081e00000, 0x0000000100000000)
  region size 1024K, 2 young (2048K), 2 survivors (2048K)
 Metaspace       used 7855K, committed 8128K, reserved 1114112K
  class space    used 932K, committed 1024K, reserved 1048576K
}
Event: 5.116 GC heap before
{Heap before GC invocations=2 (full 0):
 garbage-first heap   total 131072K, used 33323K [0x0000000081e00000, 0x0000000100000000)
  region size 1024K, 28 young (28672K), 2 survivors (2048K)
 Metaspace       used 15011K, committed 15296K, reserved 1114112K
  class space    used 1781K, committed 1920K, reserved 1048576K
}
Event: 5.124 GC heap after
{Heap after GC invocations=3 (full 0):
 garbage-first heap   total 131072K, used 9871K [0x0000000081e00000, 0x0000000100000000)
  region size 1024K, 4 young (4096K), 4 survivors (4096K)
 Metaspace       used 15011K, committed 15296K, reserved 1114112K
  class space    used 1781K, committed 1920K, reserved 1048576K
}
Event: 9.349 GC heap before
{Heap before GC invocations=3 (full 0):
 garbage-first heap   total 131072K, used 51855K [0x0000000081e00000, 0x0000000100000000)
  region size 1024K, 46 young (47104K), 4 survivors (4096K)
 Metaspace       used 21233K, committed 21504K, reserved 1114112K
  class space    used 2566K, committed 2688K, reserved 1048576K
}
Event: 9.371 GC heap after
{Heap after GC invocations=4 (full 0):
 garbage-first heap   total 131072K, used 13023K [0x0000000081e00000, 0x0000000100000000)
  region size 1024K, 7 young (7168K), 7 survivors (7168K)
 Metaspace       used 21233K, committed 21504K, reserved 1114112K
  class space    used 2566K, committed 2688K, reserved 1048576K
}
Event: 12.052 GC heap before
{Heap before GC invocations=5 (full 0):
 garbage-first heap   total 51200K, used 36575K [0x0000000081e00000, 0x0000000100000000)
  region size 1024K, 30 young (30720K), 7 survivors (7168K)
 Metaspace       used 26398K, committed 26816K, reserved 1114112K
  class space    used 3288K, committed 3456K, reserved 1048576K
}
Event: 12.080 GC heap after
{Heap after GC invocations=6 (full 0):
 garbage-first heap   total 51200K, used 16159K [0x0000000081e00000, 0x0000000100000000)
  region size 1024K, 3 young (3072K), 3 survivors (3072K)
 Metaspace       used 26398K, committed 26816K, reserved 1114112K
  class space    used 3288K, committed 3456K, reserved 1048576K
}
Event: 13.583 GC heap before
{Heap before GC invocations=6 (full 0):
 garbage-first heap   total 51200K, used 38687K [0x0000000081e00000, 0x0000000100000000)
  region size 1024K, 26 young (26624K), 3 survivors (3072K)
 Metaspace       used 31639K, committed 32128K, reserved 1114112K
  class space    used 3984K, committed 4224K, reserved 1048576K
}
Event: 13.601 GC heap after
{Heap after GC invocations=7 (full 0):
 garbage-first heap   total 51200K, used 18365K [0x0000000081e00000, 0x0000000100000000)
  region size 1024K, 3 young (3072K), 3 survivors (3072K)
 Metaspace       used 31639K, committed 32128K, reserved 1114112K
  class space    used 3984K, committed 4224K, reserved 1048576K
}
Event: 15.337 GC heap before
{Heap before GC invocations=7 (full 0):
 garbage-first heap   total 51200K, used 30653K [0x0000000081e00000, 0x0000000100000000)
  region size 1024K, 17 young (17408K), 3 survivors (3072K)
 Metaspace       used 35537K, committed 35968K, reserved 1114112K
  class space    used 4527K, committed 4736K, reserved 1048576K
}
Event: 15.350 GC heap after
{Heap after GC invocations=8 (full 0):
 garbage-first heap   total 51200K, used 19059K [0x0000000081e00000, 0x0000000100000000)
  region size 1024K, 3 young (3072K), 3 survivors (3072K)
 Metaspace       used 35537K, committed 35968K, reserved 1114112K
  class space    used 4527K, committed 4736K, reserved 1048576K
}

