# JRE version: Java(TM) SE Runtime Environment (20.0.2+9) (build 20.0.2+9-78)
# Java VM: Java HotSpot(TM) 64-Bit Server VM (20.0.2+9-78, mixed mode, sharing, tiered, compressed oops, compressed class ptrs, g1 gc, windows-amd64)
GC Precious Log:
 CardTable entry size: 512
 Card Set container configuration: InlinePtr #cards 5 size 8 Array Of Cards #cards 12 size 40 Howl #buckets 4 coarsen threshold 1843 Howl Bitmap #cards 512 size 80 coarsen threshold 460 Card regions per heap region 1 cards per card region 2048
 CPUs: 4 total, 4 available
 Memory: 8067M
 Large Page Support: Disabled
 NUMA Support: Disabled
 Compressed Oops: Enabled (32-bit)
 Heap Region Size: 1M
 Heap Min Capacity: 8M
 Heap Initial Capacity: 128M
 Heap Max Capacity: 2018M
 Pre-touch: Disabled
 Parallel Workers: 4
 Concurrent Workers: 1
 Concurrent Refinement Workers: 4
 Periodic GC: Disabled
Heap:
 garbage-first heap   total 55296K, used 42352K [0x0000000081e00000, 0x0000000100000000)
  region size 1024K, 27 young (27648K), 3 survivors (3072K)
 Metaspace       used 44417K, committed 44992K, reserved 1114112K
  class space    used 5644K, committed 5888K, reserved 1048576K
GC Heap History (14 events):
Event: 0.907 GC heap before
{Heap before GC invocations=0 (full 0):
 garbage-first heap   total 131072K, used 14336K [0x0000000081e00000, 0x0000000100000000)
  region size 1024K, 13 young (13312K), 0 survivors (0K)
 Metaspace       used 3835K, committed 4032K, reserved 1114112K
  class space    used 404K, committed 512K, reserved 1048576K
}
Event: 0.914 GC heap after
{Heap after GC invocations=1 (full 0):
 garbage-first heap   total 131072K, used 6082K [0x0000000081e00000, 0x0000000100000000)
  region size 1024K, 2 young (2048K), 2 survivors (2048K)
 Metaspace       used 3835K, committed 4032K, reserved 1114112K
  class space    used 404K, committed 512K, reserved 1048576K
}
Event: 1.534 GC heap before
{Heap before GC invocations=1 (full 0):
 garbage-first heap   total 131072K, used 19394K [0x0000000081e00000, 0x0000000100000000)
  region size 1024K, 15 young (15360K), 2 survivors (2048K)
 Metaspace       used 7788K, committed 8000K, reserved 1114112K
  class space    used 924K, committed 1024K, reserved 1048576K
}
Event: 1.540 GC heap after
{Heap after GC invocations=2 (full 0):
 garbage-first heap   total 131072K, used 7800K [0x0000000081e00000, 0x0000000100000000)
  region size 1024K, 2 young (2048K), 2 survivors (2048K)
 Metaspace       used 7788K, committed 8000K, reserved 1114112K
  class space    used 924K, committed 1024K, reserved 1048576K
}
Event: 2.248 GC heap before
{Heap before GC invocations=2 (full 0):
 garbage-first heap   total 131072K, used 33400K [0x0000000081e00000, 0x0000000100000000)
  region size 1024K, 28 young (28672K), 2 survivors (2048K)
 Metaspace       used 14879K, committed 15104K, reserved 1114112K
  class space    used 1778K, committed 1856K, reserved 1048576K
}
Event: 2.254 GC heap after
{Heap after GC invocations=3 (full 0):
 garbage-first heap   total 131072K, used 9679K [0x0000000081e00000, 0x0000000100000000)
  region size 1024K, 4 young (4096K), 4 survivors (4096K)
 Metaspace       used 14879K, committed 15104K, reserved 1114112K
  class space    used 1778K, committed 1856K, reserved 1048576K
}
Event: 4.208 GC heap before
{Heap before GC invocations=3 (full 0):
 garbage-first heap   total 131072K, used 52687K [0x0000000081e00000, 0x0000000100000000)
  region size 1024K, 47 young (48128K), 4 survivors (4096K)
 Metaspace       used 21238K, committed 21504K, reserved 1114112K
  class space    used 2568K, committed 2688K, reserved 1048576K
}
Event: 4.223 GC heap after
{Heap after GC invocations=4 (full 0):
 garbage-first heap   total 131072K, used 13751K [0x0000000081e00000, 0x0000000100000000)
  region size 1024K, 8 young (8192K), 8 survivors (8192K)
 Metaspace       used 21238K, committed 21504K, reserved 1114112K
  class space    used 2568K, committed 2688K, reserved 1048576K
}
Event: 5.588 GC heap before
{Heap before GC invocations=5 (full 0):
 garbage-first heap   total 55296K, used 38327K [0x0000000081e00000, 0x0000000100000000)
  region size 1024K, 32 young (32768K), 8 survivors (8192K)
 Metaspace       used 26619K, committed 27008K, reserved 1114112K
  class space    used 3310K, committed 3456K, reserved 1048576K
}
Event: 5.616 GC heap after
{Heap after GC invocations=6 (full 0):
 garbage-first heap   total 55296K, used 16574K [0x0000000081e00000, 0x0000000100000000)
  region size 1024K, 4 young (4096K), 4 survivors (4096K)
 Metaspace       used 26619K, committed 27008K, reserved 1114112K
  class space    used 3310K, committed 3456K, reserved 1048576K
}
Event: 6.792 GC heap before
{Heap before GC invocations=6 (full 0):
 garbage-first heap   total 55296K, used 41150K [0x0000000081e00000, 0x0000000100000000)
  region size 1024K, 29 young (29696K), 4 survivors (4096K)
 Metaspace       used 32249K, committed 32768K, reserved 1114112K
  class space    used 4093K, committed 4352K, reserved 1048576K
}
Event: 6.807 GC heap after
{Heap after GC invocations=7 (full 0):
 garbage-first heap   total 55296K, used 17889K [0x0000000081e00000, 0x0000000100000000)
  region size 1024K, 2 young (2048K), 2 survivors (2048K)
 Metaspace       used 32249K, committed 32768K, reserved 1114112K
  class space    used 4093K, committed 4352K, reserved 1048576K
}
Event: 7.268 GC heap before
{Heap before GC invocations=7 (full 0):
 garbage-first heap   total 55296K, used 27105K [0x0000000081e00000, 0x0000000100000000)
  region size 1024K, 13 young (13312K), 2 survivors (2048K)
 Metaspace       used 35518K, committed 35968K, reserved 1114112K
  class space    used 4514K, committed 4736K, reserved 1048576K
}
Event: 7.276 GC heap after
{Heap after GC invocations=8 (full 0):
 garbage-first heap   total 55296K, used 18800K [0x0000000081e00000, 0x0000000100000000)
  region size 1024K, 3 young (3072K), 3 survivors (3072K)
 Metaspace       used 35518K, committed 35968K, reserved 1114112K
  class space    used 4514K, committed 4736K, reserved 1048576K
}

