# JRE version: Java(TM) SE Runtime Environment (20.0.2+9) (build 20.0.2+9-78)
# Java VM: Java HotSpot(TM) 64-Bit Server VM (20.0.2+9-78, mixed mode, sharing, tiered, compressed oops, compressed class ptrs, g1 gc, windows-amd64)
GC Precious Log:
 CardTable entry size: 512
 Card Set container configuration: InlinePtr #cards 5 size 8 Array Of Cards #cards 12 size 40 Howl #buckets 4 coarsen threshold 1843 Howl Bitmap #cards 512 size 80 coarsen threshold 460 Card regions per heap region 1 cards per card region 2048
 CPUs: 4 total, 4 available
 Memory: 8067M
 Large Page Support: Disabled
 NUMA Support: Disabled
 Compressed Oops: Enabled (32-bit)
 Heap Region Size: 1M
 Heap Min Capacity: 8M
 Heap Initial Capacity: 128M
 Heap Max Capacity: 2018M
 Pre-touch: Disabled
 Parallel Workers: 4
 Concurrent Workers: 1
 Concurrent Refinement Workers: 4
 Periodic GC: Disabled
Heap:
 garbage-first heap   total 60416K, used 50619K [0x0000000081e00000, 0x0000000100000000)
  region size 1024K, 25 young (25600K), 4 survivors (4096K)
 Metaspace       used 69968K, committed 70656K, reserved 1114112K
  class space    used 9335K, committed 9664K, reserved 1048576K
GC Heap History (20 events):
Event: 9.689 GC heap before
{Heap before GC invocations=7 (full 0):
 garbage-first heap   total 48128K, used 36294K [0x0000000081e00000, 0x0000000100000000)
  region size 1024K, 21 young (21504K), 2 survivors (2048K)
 Metaspace       used 35497K, committed 35968K, reserved 1114112K
  class space    used 4523K, committed 4736K, reserved 1048576K
}
Event: 9.696 GC heap after
{Heap after GC invocations=8 (full 0):
 garbage-first heap   total 48128K, used 19490K [0x0000000081e00000, 0x0000000100000000)
  region size 1024K, 2 young (2048K), 2 survivors (2048K)
 Metaspace       used 35497K, committed 35968K, reserved 1114112K
  class space    used 4523K, committed 4736K, reserved 1048576K
}
Event: 11.771 GC heap before
{Heap before GC invocations=9 (full 0):
 garbage-first heap   total 48128K, used 38946K [0x0000000081e00000, 0x0000000100000000)
  region size 1024K, 22 young (22528K), 2 survivors (2048K)
 Metaspace       used 43949K, committed 44480K, reserved 1114112K
  class space    used 5574K, committed 5824K, reserved 1048576K
}
Event: 11.781 GC heap after
{Heap after GC invocations=10 (full 0):
 garbage-first heap   total 48128K, used 21717K [0x0000000081e00000, 0x0000000100000000)
  region size 1024K, 3 young (3072K), 3 survivors (3072K)
 Metaspace       used 43949K, committed 44480K, reserved 1114112K
  class space    used 5574K, committed 5824K, reserved 1048576K
}
Event: 12.557 GC heap before
{Heap before GC invocations=10 (full 0):
 garbage-first heap   total 48128K, used 40149K [0x0000000081e00000, 0x0000000100000000)
  region size 1024K, 21 young (21504K), 3 survivors (3072K)
 Metaspace       used 49750K, committed 50240K, reserved 1114112K
  class space    used 6463K, committed 6656K, reserved 1048576K
}
Event: 12.568 GC heap after
{Heap after GC invocations=11 (full 0):
 garbage-first heap   total 48128K, used 22783K [0x0000000081e00000, 0x0000000100000000)
  region size 1024K, 2 young (2048K), 2 survivors (2048K)
 Metaspace       used 49750K, committed 50240K, reserved 1114112K
  class space    used 6463K, committed 6656K, reserved 1048576K
}
Event: 13.469 GC heap before
{Heap before GC invocations=11 (full 0):
 garbage-first heap   total 48128K, used 41215K [0x0000000081e00000, 0x0000000100000000)
  region size 1024K, 20 young (20480K), 2 survivors (2048K)
 Metaspace       used 53144K, committed 53632K, reserved 1114112K
  class space    used 6965K, committed 7168K, reserved 1048576K
}
Event: 13.473 GC heap after
{Heap after GC invocations=12 (full 0):
 garbage-first heap   total 48128K, used 23246K [0x0000000081e00000, 0x0000000100000000)
  region size 1024K, 2 young (2048K), 2 survivors (2048K)
 Metaspace       used 53144K, committed 53632K, reserved 1114112K
  class space    used 6965K, committed 7168K, reserved 1048576K
}
Event: 14.244 GC heap before
{Heap before GC invocations=12 (full 0):
 garbage-first heap   total 48128K, used 42702K [0x0000000081e00000, 0x0000000100000000)
  region size 1024K, 21 young (21504K), 2 survivors (2048K)
 Metaspace       used 57264K, committed 57920K, reserved 1114112K
  class space    used 7496K, committed 7808K, reserved 1048576K
}
Event: 14.252 GC heap after
{Heap after GC invocations=13 (full 0):
 garbage-first heap   total 48128K, used 25141K [0x0000000081e00000, 0x0000000100000000)
  region size 1024K, 3 young (3072K), 3 survivors (3072K)
 Metaspace       used 57264K, committed 57920K, reserved 1114112K
  class space    used 7496K, committed 7808K, reserved 1048576K
}
Event: 14.606 GC heap before
{Heap before GC invocations=13 (full 0):
 garbage-first heap   total 48128K, used 40501K [0x0000000081e00000, 0x0000000100000000)
  region size 1024K, 18 young (18432K), 3 survivors (3072K)
 Metaspace       used 58724K, committed 59328K, reserved 1114112K
  class space    used 7666K, committed 7936K, reserved 1048576K
}
Event: 14.613 GC heap after
{Heap after GC invocations=14 (full 0):
 garbage-first heap   total 48128K, used 25838K [0x0000000081e00000, 0x0000000100000000)
  region size 1024K, 1 young (1024K), 1 survivors (1024K)
 Metaspace       used 58724K, committed 59328K, reserved 1114112K
  class space    used 7666K, committed 7936K, reserved 1048576K
}
Event: 14.953 GC heap before
{Heap before GC invocations=15 (full 0):
 garbage-first heap   total 50176K, used 42222K [0x0000000081e00000, 0x0000000100000000)
  region size 1024K, 17 young (17408K), 1 survivors (1024K)
 Metaspace       used 60339K, committed 60928K, reserved 1114112K
  class space    used 8059K, committed 8320K, reserved 1048576K
}
Event: 14.960 GC heap after
{Heap after GC invocations=16 (full 0):
 garbage-first heap   total 50176K, used 26793K [0x0000000081e00000, 0x0000000100000000)
  region size 1024K, 2 young (2048K), 2 survivors (2048K)
 Metaspace       used 60339K, committed 60928K, reserved 1114112K
  class space    used 8059K, committed 8320K, reserved 1048576K
}
Event: 15.323 GC heap before
{Heap before GC invocations=16 (full 0):
 garbage-first heap   total 50176K, used 43177K [0x0000000081e00000, 0x0000000100000000)
  region size 1024K, 19 young (19456K), 2 survivors (2048K)
 Metaspace       used 61801K, committed 62400K, reserved 1114112K
  class space    used 8249K, committed 8512K, reserved 1048576K
}
Event: 15.330 GC heap after
{Heap after GC invocations=17 (full 0):
 garbage-first heap   total 60416K, used 27327K [0x0000000081e00000, 0x0000000100000000)
  region size 1024K, 3 young (3072K), 3 survivors (3072K)
 Metaspace       used 61801K, committed 62400K, reserved 1114112K
  class space    used 8249K, committed 8512K, reserved 1048576K
}
Event: 15.786 GC heap before
{Heap before GC invocations=17 (full 0):
 garbage-first heap   total 60416K, used 51903K [0x0000000081e00000, 0x0000000100000000)
  region size 1024K, 27 young (27648K), 3 survivors (3072K)
 Metaspace       used 63148K, committed 63808K, reserved 1114112K
  class space    used 8423K, committed 8704K, reserved 1048576K
}
Event: 15.793 GC heap after
{Heap after GC invocations=18 (full 0):
 garbage-first heap   total 60416K, used 28111K [0x0000000081e00000, 0x0000000100000000)
  region size 1024K, 3 young (3072K), 3 survivors (3072K)
 Metaspace       used 63148K, committed 63808K, reserved 1114112K
  class space    used 8423K, committed 8704K, reserved 1048576K
}
Event: 16.577 GC heap before
{Heap before GC invocations=18 (full 0):
 garbage-first heap   total 60416K, used 52687K [0x0000000081e00000, 0x0000000100000000)
  region size 1024K, 27 young (27648K), 3 survivors (3072K)
 Metaspace       used 65402K, committed 66048K, reserved 1114112K
  class space    used 8737K, committed 9024K, reserved 1048576K
}
Event: 16.589 GC heap after
{Heap after GC invocations=19 (full 0):
 garbage-first heap   total 60416K, used 30139K [0x0000000081e00000, 0x0000000100000000)
  region size 1024K, 4 young (4096K), 4 survivors (4096K)
 Metaspace       used 65402K, committed 66048K, reserved 1114112K
  class space    used 8737K, committed 9024K, reserved 1048576K
}

