# JRE version: Java(TM) SE Runtime Environment (20.0.2+9) (build 20.0.2+9-78)
# Java VM: Java HotSpot(TM) 64-Bit Server VM (20.0.2+9-78, mixed mode, sharing, tiered, compressed oops, compressed class ptrs, g1 gc, windows-amd64)
GC Precious Log:
 CardTable entry size: 512
 Card Set container configuration: InlinePtr #cards 5 size 8 Array Of Cards #cards 12 size 40 Howl #buckets 4 coarsen threshold 1843 Howl Bitmap #cards 512 size 80 coarsen threshold 460 Card regions per heap region 1 cards per card region 2048
 CPUs: 4 total, 4 available
 Memory: 8067M
 Large Page Support: Disabled
 NUMA Support: Disabled
 Compressed Oops: Enabled (32-bit)
 Heap Region Size: 1M
 Heap Min Capacity: 8M
 Heap Initial Capacity: 128M
 Heap Max Capacity: 2018M
 Pre-touch: Disabled
 Parallel Workers: 4
 Concurrent Workers: 1
 Concurrent Refinement Workers: 4
 Periodic GC: Disabled
Heap:
 garbage-first heap   total 54272K, used 43556K [0x0000000081e00000, 0x0000000100000000)
  region size 1024K, 19 young (19456K), 2 survivors (2048K)
 Metaspace       used 64881K, committed 65472K, reserved 1114112K
  class space    used 8664K, committed 8896K, reserved 1048576K
GC Heap History (20 events):
Event: 9.471 GC heap before
{Heap before GC invocations=7 (full 0):
 garbage-first heap   total 45056K, used 35773K [0x0000000081e00000, 0x0000000100000000)
  region size 1024K, 21 young (21504K), 2 survivors (2048K)
 Metaspace       used 34859K, committed 35328K, reserved 1114112K
  class space    used 4464K, committed 4672K, reserved 1048576K
}
Event: 9.482 GC heap after
{Heap after GC invocations=8 (full 0):
 garbage-first heap   total 45056K, used 18653K [0x0000000081e00000, 0x0000000100000000)
  region size 1024K, 2 young (2048K), 2 survivors (2048K)
 Metaspace       used 34859K, committed 35328K, reserved 1114112K
  class space    used 4464K, committed 4672K, reserved 1048576K
}
Event: 9.628 GC heap before
{Heap before GC invocations=8 (full 0):
 garbage-first heap   total 45056K, used 20701K [0x0000000081e00000, 0x0000000100000000)
  region size 1024K, 5 young (5120K), 2 survivors (2048K)
 Metaspace       used 35521K, committed 35968K, reserved 1114112K
  class space    used 4524K, committed 4736K, reserved 1048576K
}
Event: 9.633 GC heap after
{Heap after GC invocations=9 (full 0):
 garbage-first heap   total 45056K, used 19040K [0x0000000081e00000, 0x0000000100000000)
  region size 1024K, 2 young (2048K), 2 survivors (2048K)
 Metaspace       used 35521K, committed 35968K, reserved 1114112K
  class space    used 4524K, committed 4736K, reserved 1048576K
}
Event: 13.682 GC heap before
{Heap before GC invocations=10 (full 0):
 garbage-first heap   total 45056K, used 38496K [0x0000000081e00000, 0x0000000100000000)
  region size 1024K, 21 young (21504K), 2 survivors (2048K)
 Metaspace       used 44058K, committed 44544K, reserved 1114112K
  class space    used 5603K, committed 5824K, reserved 1048576K
}
Event: 13.693 GC heap after
{Heap after GC invocations=11 (full 0):
 garbage-first heap   total 45056K, used 20909K [0x0000000081e00000, 0x0000000100000000)
  region size 1024K, 3 young (3072K), 3 survivors (3072K)
 Metaspace       used 44058K, committed 44544K, reserved 1114112K
  class space    used 5603K, committed 5824K, reserved 1048576K
}
Event: 14.797 GC heap before
{Heap before GC invocations=11 (full 0):
 garbage-first heap   total 45056K, used 38317K [0x0000000081e00000, 0x0000000100000000)
  region size 1024K, 20 young (20480K), 3 survivors (3072K)
 Metaspace       used 49800K, committed 50368K, reserved 1114112K
  class space    used 6489K, committed 6720K, reserved 1048576K
}
Event: 14.809 GC heap after
{Heap after GC invocations=12 (full 0):
 garbage-first heap   total 45056K, used 21467K [0x0000000081e00000, 0x0000000100000000)
  region size 1024K, 1 young (1024K), 1 survivors (1024K)
 Metaspace       used 49800K, committed 50368K, reserved 1114112K
  class space    used 6489K, committed 6720K, reserved 1048576K
}
Event: 15.428 GC heap before
{Heap before GC invocations=12 (full 0):
 garbage-first heap   total 45056K, used 39899K [0x0000000081e00000, 0x0000000100000000)
  region size 1024K, 19 young (19456K), 1 survivors (1024K)
 Metaspace       used 53145K, committed 53696K, reserved 1114112K
  class space    used 6982K, committed 7232K, reserved 1048576K
}
Event: 15.432 GC heap after
{Heap after GC invocations=13 (full 0):
 garbage-first heap   total 45056K, used 22203K [0x0000000081e00000, 0x0000000100000000)
  region size 1024K, 2 young (2048K), 2 survivors (2048K)
 Metaspace       used 53145K, committed 53696K, reserved 1114112K
  class space    used 6982K, committed 7232K, reserved 1048576K
}
Event: 20.110 GC heap before
{Heap before GC invocations=14 (full 0):
 garbage-first heap   total 45056K, used 39611K [0x0000000081e00000, 0x0000000100000000)
  region size 1024K, 19 young (19456K), 2 survivors (2048K)
 Metaspace       used 56689K, committed 57280K, reserved 1114112K
  class space    used 7463K, committed 7744K, reserved 1048576K
}
Event: 20.122 GC heap after
{Heap after GC invocations=15 (full 0):
 garbage-first heap   total 45056K, used 24167K [0x0000000081e00000, 0x0000000100000000)
  region size 1024K, 3 young (3072K), 3 survivors (3072K)
 Metaspace       used 56689K, committed 57280K, reserved 1114112K
  class space    used 7463K, committed 7744K, reserved 1048576K
}
Event: 20.669 GC heap before
{Heap before GC invocations=15 (full 0):
 garbage-first heap   total 45056K, used 37479K [0x0000000081e00000, 0x0000000100000000)
  region size 1024K, 17 young (17408K), 3 survivors (3072K)
 Metaspace       used 58289K, committed 58880K, reserved 1114112K
  class space    used 7669K, committed 7936K, reserved 1048576K
}
Event: 20.687 GC heap after
{Heap after GC invocations=16 (full 0):
 garbage-first heap   total 45056K, used 24377K [0x0000000081e00000, 0x0000000100000000)
  region size 1024K, 1 young (1024K), 1 survivors (1024K)
 Metaspace       used 58289K, committed 58880K, reserved 1114112K
  class space    used 7669K, committed 7936K, reserved 1048576K
}
Event: 21.525 GC heap before
{Heap before GC invocations=16 (full 0):
 garbage-first heap   total 45056K, used 40761K [0x0000000081e00000, 0x0000000100000000)
  region size 1024K, 17 young (17408K), 1 survivors (1024K)
 Metaspace       used 60536K, committed 61056K, reserved 1114112K
  class space    used 8082K, committed 8320K, reserved 1048576K
}
Event: 21.533 GC heap after
{Heap after GC invocations=17 (full 0):
 garbage-first heap   total 54272K, used 25600K [0x0000000081e00000, 0x0000000100000000)
  region size 1024K, 2 young (2048K), 2 survivors (2048K)
 Metaspace       used 60536K, committed 61056K, reserved 1114112K
  class space    used 8082K, committed 8320K, reserved 1048576K
}
Event: 22.767 GC heap before
{Heap before GC invocations=18 (full 0):
 garbage-first heap   total 54272K, used 48128K [0x0000000081e00000, 0x0000000100000000)
  region size 1024K, 24 young (24576K), 2 survivors (2048K)
 Metaspace       used 61926K, committed 62464K, reserved 1114112K
  class space    used 8272K, committed 8512K, reserved 1048576K
}
Event: 22.775 GC heap after
{Heap after GC invocations=19 (full 0):
 garbage-first heap   total 54272K, used 26677K [0x0000000081e00000, 0x0000000100000000)
  region size 1024K, 3 young (3072K), 3 survivors (3072K)
 Metaspace       used 61926K, committed 62464K, reserved 1114112K
  class space    used 8272K, committed 8512K, reserved 1048576K
}
Event: 23.143 GC heap before
{Heap before GC invocations=19 (full 0):
 garbage-first heap   total 54272K, used 46133K [0x0000000081e00000, 0x0000000100000000)
  region size 1024K, 22 young (22528K), 3 survivors (3072K)
 Metaspace       used 62443K, committed 63040K, reserved 1114112K
  class space    used 8326K, committed 8576K, reserved 1048576K
}
Event: 23.149 GC heap after
{Heap after GC invocations=20 (full 0):
 garbage-first heap   total 54272K, used 27172K [0x0000000081e00000, 0x0000000100000000)
  region size 1024K, 2 young (2048K), 2 survivors (2048K)
 Metaspace       used 62443K, committed 63040K, reserved 1114112K
  class space    used 8326K, committed 8576K, reserved 1048576K
}

