# JRE version: Java(TM) SE Runtime Environment (20.0.2+9) (build 20.0.2+9-78)
# Java VM: Java HotSpot(TM) 64-Bit Server VM (20.0.2+9-78, mixed mode, sharing, tiered, compressed oops, compressed class ptrs, g1 gc, windows-amd64)
GC Precious Log:
 CardTable entry size: 512
 Card Set container configuration: InlinePtr #cards 5 size 8 Array Of Cards #cards 12 size 40 Howl #buckets 4 coarsen threshold 1843 Howl Bitmap #cards 512 size 80 coarsen threshold 460 Card regions per heap region 1 cards per card region 2048
 CPUs: 4 total, 4 available
 Memory: 8067M
 Large Page Support: Disabled
 NUMA Support: Disabled
 Compressed Oops: Enabled (32-bit)
 Heap Region Size: 1M
 Heap Min Capacity: 8M
 Heap Initial Capacity: 128M
 Heap Max Capacity: 2018M
 Pre-touch: Disabled
 Parallel Workers: 4
 Concurrent Workers: 1
 Concurrent Refinement Workers: 4
 Periodic GC: Disabled
Heap:
 garbage-first heap   total 56320K, used 37827K [0x0000000081e00000, 0x0000000100000000)
  region size 1024K, 8 young (8192K), 2 survivors (2048K)
 Metaspace       used 69014K, committed 69696K, reserved 1114112K
  class space    used 9322K, committed 9664K, reserved 1048576K
GC Heap History (20 events):
Event: 40.868 GC heap before
{Heap before GC invocations=11 (full 0):
 garbage-first heap   total 51200K, used 43633K [0x0000000081e00000, 0x0000000100000000)
  region size 1024K, 22 young (22528K), 3 survivors (3072K)
 Metaspace       used 49043K, committed 49664K, reserved 1114112K
  class space    used 6377K, committed 6656K, reserved 1048576K
}
Event: 40.883 GC heap after
{Heap after GC invocations=12 (full 0):
 garbage-first heap   total 51200K, used 25508K [0x0000000081e00000, 0x0000000100000000)
  region size 1024K, 2 young (2048K), 2 survivors (2048K)
 Metaspace       used 49043K, committed 49664K, reserved 1114112K
  class space    used 6377K, committed 6656K, reserved 1048576K
}
Event: 45.907 GC heap before
{Heap before GC invocations=12 (full 0):
 garbage-first heap   total 51200K, used 43940K [0x0000000081e00000, 0x0000000100000000)
  region size 1024K, 20 young (20480K), 2 survivors (2048K)
 Metaspace       used 54469K, committed 55040K, reserved 1114112K
  class space    used 7173K, committed 7424K, reserved 1048576K
}
Event: 45.916 GC heap after
{Heap after GC invocations=13 (full 0):
 garbage-first heap   total 51200K, used 26214K [0x0000000081e00000, 0x0000000100000000)
  region size 1024K, 1 young (1024K), 1 survivors (1024K)
 Metaspace       used 54469K, committed 55040K, reserved 1114112K
  class space    used 7173K, committed 7424K, reserved 1048576K
}
Event: 49.822 GC heap before
{Heap before GC invocations=14 (full 0):
 garbage-first heap   total 51200K, used 44646K [0x0000000081e00000, 0x0000000100000000)
  region size 1024K, 19 young (19456K), 1 survivors (1024K)
 Metaspace       used 56947K, committed 57536K, reserved 1114112K
  class space    used 7604K, committed 7872K, reserved 1048576K
}
Event: 49.827 GC heap after
{Heap after GC invocations=15 (full 0):
 garbage-first heap   total 51200K, used 26756K [0x0000000081e00000, 0x0000000100000000)
  region size 1024K, 2 young (2048K), 2 survivors (2048K)
 Metaspace       used 56947K, committed 57536K, reserved 1114112K
  class space    used 7604K, committed 7872K, reserved 1048576K
}
Event: 54.530 GC heap before
{Heap before GC invocations=15 (full 0):
 garbage-first heap   total 51200K, used 44164K [0x0000000081e00000, 0x0000000100000000)
  region size 1024K, 20 young (20480K), 2 survivors (2048K)
 Metaspace       used 61548K, committed 62144K, reserved 1114112K
  class space    used 8201K, committed 8448K, reserved 1048576K
}
Event: 54.541 GC heap after
{Heap after GC invocations=16 (full 0):
 garbage-first heap   total 51200K, used 28060K [0x0000000081e00000, 0x0000000100000000)
  region size 1024K, 3 young (3072K), 3 survivors (3072K)
 Metaspace       used 61548K, committed 62144K, reserved 1114112K
  class space    used 8201K, committed 8448K, reserved 1048576K
}
Event: 57.280 GC heap before
{Heap before GC invocations=16 (full 0):
 garbage-first heap   total 51200K, used 43420K [0x0000000081e00000, 0x0000000100000000)
  region size 1024K, 19 young (19456K), 3 survivors (3072K)
 Metaspace       used 63302K, committed 63872K, reserved 1114112K
  class space    used 8429K, committed 8704K, reserved 1048576K
}
Event: 57.293 GC heap after
{Heap after GC invocations=17 (full 0):
 garbage-first heap   total 51200K, used 28855K [0x0000000081e00000, 0x0000000100000000)
  region size 1024K, 3 young (3072K), 3 survivors (3072K)
 Metaspace       used 63302K, committed 63872K, reserved 1114112K
  class space    used 8429K, committed 8704K, reserved 1048576K
}
Event: 59.528 GC heap before
{Heap before GC invocations=18 (full 0):
 garbage-first heap   total 51200K, used 43191K [0x0000000081e00000, 0x0000000100000000)
  region size 1024K, 18 young (18432K), 3 survivors (3072K)
 Metaspace       used 65370K, committed 65920K, reserved 1114112K
  class space    used 8839K, committed 9088K, reserved 1048576K
}
Event: 59.539 GC heap after
{Heap after GC invocations=19 (full 0):
 garbage-first heap   total 51200K, used 30504K [0x0000000081e00000, 0x0000000100000000)
  region size 1024K, 3 young (3072K), 3 survivors (3072K)
 Metaspace       used 65370K, committed 65920K, reserved 1114112K
  class space    used 8839K, committed 9088K, reserved 1048576K
}
Event: 61.442 GC heap before
{Heap before GC invocations=19 (full 0):
 garbage-first heap   total 51200K, used 43816K [0x0000000081e00000, 0x0000000100000000)
  region size 1024K, 16 young (16384K), 3 survivors (3072K)
 Metaspace       used 65404K, committed 65984K, reserved 1114112K
  class space    used 8841K, committed 9088K, reserved 1048576K
}
Event: 61.455 GC heap after
{Heap after GC invocations=20 (full 0):
 garbage-first heap   total 51200K, used 31894K [0x0000000081e00000, 0x0000000100000000)
  region size 1024K, 2 young (2048K), 2 survivors (2048K)
 Metaspace       used 65404K, committed 65984K, reserved 1114112K
  class space    used 8841K, committed 9088K, reserved 1048576K
}
Event: 63.879 GC heap before
{Heap before GC invocations=20 (full 0):
 garbage-first heap   total 51200K, used 44182K [0x0000000081e00000, 0x0000000100000000)
  region size 1024K, 15 young (15360K), 2 survivors (2048K)
 Metaspace       used 66979K, committed 67520K, reserved 1114112K
  class space    used 9050K, committed 9280K, reserved 1048576K
}
Event: 63.883 GC heap after
{Heap after GC invocations=21 (full 0):
 garbage-first heap   total 51200K, used 31941K [0x0000000081e00000, 0x0000000100000000)
  region size 1024K, 1 young (1024K), 1 survivors (1024K)
 Metaspace       used 66979K, committed 67520K, reserved 1114112K
  class space    used 9050K, committed 9280K, reserved 1048576K
}
Event: 65.526 GC heap before
{Heap before GC invocations=22 (full 0):
 garbage-first heap   total 56320K, used 45253K [0x0000000081e00000, 0x0000000100000000)
  region size 1024K, 14 young (14336K), 1 survivors (1024K)
 Metaspace       used 67672K, committed 68224K, reserved 1114112K
  class space    used 9124K, committed 9344K, reserved 1048576K
}
Event: 65.530 GC heap after
{Heap after GC invocations=23 (full 0):
 garbage-first heap   total 56320K, used 32693K [0x0000000081e00000, 0x0000000100000000)
  region size 1024K, 2 young (2048K), 2 survivors (2048K)
 Metaspace       used 67672K, committed 68224K, reserved 1114112K
  class space    used 9124K, committed 9344K, reserved 1048576K
}
Event: 67.742 GC heap before
{Heap before GC invocations=23 (full 0):
 garbage-first heap   total 56320K, used 49077K [0x0000000081e00000, 0x0000000100000000)
  region size 1024K, 18 young (18432K), 2 survivors (2048K)
 Metaspace       used 68023K, committed 68544K, reserved 1114112K
  class space    used 9171K, committed 9408K, reserved 1048576K
}
Event: 67.748 GC heap after
{Heap after GC invocations=24 (full 0):
 garbage-first heap   total 56320K, used 32707K [0x0000000081e00000, 0x0000000100000000)
  region size 1024K, 2 young (2048K), 2 survivors (2048K)
 Metaspace       used 68023K, committed 68544K, reserved 1114112K
  class space    used 9171K, committed 9408K, reserved 1048576K
}

