# JRE version: Java(TM) SE Runtime Environment (20.0.2+9) (build 20.0.2+9-78)
# Java VM: Java HotSpot(TM) 64-Bit Server VM (20.0.2+9-78, mixed mode, sharing, tiered, compressed oops, compressed class ptrs, g1 gc, windows-amd64)
GC Precious Log:
 CardTable entry size: 512
 Card Set container configuration: InlinePtr #cards 5 size 8 Array Of Cards #cards 12 size 40 Howl #buckets 4 coarsen threshold 1843 Howl Bitmap #cards 512 size 80 coarsen threshold 460 Card regions per heap region 1 cards per card region 2048
 CPUs: 4 total, 4 available
 Memory: 8067M
 Large Page Support: Disabled
 NUMA Support: Disabled
 Compressed Oops: Enabled (32-bit)
 Heap Region Size: 1M
 Heap Min Capacity: 8M
 Heap Initial Capacity: 128M
 Heap Max Capacity: 2018M
 Pre-touch: Disabled
 Parallel Workers: 4
 Concurrent Workers: 1
 Concurrent Refinement Workers: 4
 Periodic GC: Disabled
Heap:
 garbage-first heap   total 58368K, used 44644K [0x0000000081e00000, 0x0000000100000000)
  region size 1024K, 15 young (15360K), 3 survivors (3072K)
 Metaspace       used 74147K, committed 74944K, reserved 1114112K
  class space    used 9686K, committed 10048K, reserved 1048576K
GC Heap History (20 events):
Event: 13.262 GC heap before
{Heap before GC invocations=11 (full 0):
 garbage-first heap   total 48128K, used 41184K [0x0000000081e00000, 0x0000000100000000)
  region size 1024K, 20 young (20480K), 2 survivors (2048K)
 Metaspace       used 53150K, committed 53760K, reserved 1114112K
  class space    used 6961K, committed 7232K, reserved 1048576K
}
Event: 13.268 GC heap after
{Heap after GC invocations=12 (full 0):
 garbage-first heap   total 48128K, used 23288K [0x0000000081e00000, 0x0000000100000000)
  region size 1024K, 2 young (2048K), 2 survivors (2048K)
 Metaspace       used 53150K, committed 53760K, reserved 1114112K
  class space    used 6961K, committed 7232K, reserved 1048576K
}
Event: 14.331 GC heap before
{Heap before GC invocations=12 (full 0):
 garbage-first heap   total 48128K, used 41720K [0x0000000081e00000, 0x0000000100000000)
  region size 1024K, 20 young (20480K), 2 survivors (2048K)
 Metaspace       used 57245K, committed 57792K, reserved 1114112K
  class space    used 7486K, committed 7744K, reserved 1048576K
}
Event: 14.341 GC heap after
{Heap after GC invocations=13 (full 0):
 garbage-first heap   total 48128K, used 25132K [0x0000000081e00000, 0x0000000100000000)
  region size 1024K, 3 young (3072K), 3 survivors (3072K)
 Metaspace       used 57245K, committed 57792K, reserved 1114112K
  class space    used 7486K, committed 7744K, reserved 1048576K
}
Event: 14.689 GC heap before
{Heap before GC invocations=13 (full 0):
 garbage-first heap   total 48128K, used 39468K [0x0000000081e00000, 0x0000000100000000)
  region size 1024K, 18 young (18432K), 3 survivors (3072K)
 Metaspace       used 58527K, committed 59072K, reserved 1114112K
  class space    used 7647K, committed 7872K, reserved 1048576K
}
Event: 14.697 GC heap after
{Heap after GC invocations=14 (full 0):
 garbage-first heap   total 48128K, used 25773K [0x0000000081e00000, 0x0000000100000000)
  region size 1024K, 1 young (1024K), 1 survivors (1024K)
 Metaspace       used 58527K, committed 59072K, reserved 1114112K
  class space    used 7647K, committed 7872K, reserved 1048576K
}
Event: 15.222 GC heap before
{Heap before GC invocations=15 (full 0):
 garbage-first heap   total 48128K, used 41133K [0x0000000081e00000, 0x0000000100000000)
  region size 1024K, 17 young (17408K), 1 survivors (1024K)
 Metaspace       used 60361K, committed 60864K, reserved 1114112K
  class space    used 8057K, committed 8256K, reserved 1048576K
}
Event: 15.229 GC heap after
{Heap after GC invocations=16 (full 0):
 garbage-first heap   total 48128K, used 26978K [0x0000000081e00000, 0x0000000100000000)
  region size 1024K, 2 young (2048K), 2 survivors (2048K)
 Metaspace       used 60361K, committed 60864K, reserved 1114112K
  class space    used 8057K, committed 8256K, reserved 1048576K
}
Event: 15.557 GC heap before
{Heap before GC invocations=16 (full 0):
 garbage-first heap   total 48128K, used 41314K [0x0000000081e00000, 0x0000000100000000)
  region size 1024K, 17 young (17408K), 2 survivors (2048K)
 Metaspace       used 61183K, committed 61696K, reserved 1114112K
  class space    used 8162K, committed 8384K, reserved 1048576K
}
Event: 15.565 GC heap after
{Heap after GC invocations=17 (full 0):
 garbage-first heap   total 58368K, used 26859K [0x0000000081e00000, 0x0000000100000000)
  region size 1024K, 2 young (2048K), 2 survivors (2048K)
 Metaspace       used 61183K, committed 61696K, reserved 1114112K
  class space    used 8162K, committed 8384K, reserved 1048576K
}
Event: 16.574 GC heap before
{Heap before GC invocations=17 (full 0):
 garbage-first heap   total 58368K, used 51435K [0x0000000081e00000, 0x0000000100000000)
  region size 1024K, 26 young (26624K), 2 survivors (2048K)
 Metaspace       used 62492K, committed 63168K, reserved 1114112K
  class space    used 8317K, committed 8640K, reserved 1048576K
}
Event: 16.582 GC heap after
{Heap after GC invocations=18 (full 0):
 garbage-first heap   total 58368K, used 28296K [0x0000000081e00000, 0x0000000100000000)
  region size 1024K, 4 young (4096K), 4 survivors (4096K)
 Metaspace       used 62492K, committed 63168K, reserved 1114112K
  class space    used 8317K, committed 8640K, reserved 1048576K
}
Event: 17.392 GC heap before
{Heap before GC invocations=18 (full 0):
 garbage-first heap   total 58368K, used 48776K [0x0000000081e00000, 0x0000000100000000)
  region size 1024K, 24 young (24576K), 4 survivors (4096K)
 Metaspace       used 64855K, committed 65536K, reserved 1114112K
  class space    used 8648K, committed 8960K, reserved 1048576K
}
Event: 17.399 GC heap after
{Heap after GC invocations=19 (full 0):
 garbage-first heap   total 58368K, used 29740K [0x0000000081e00000, 0x0000000100000000)
  region size 1024K, 3 young (3072K), 3 survivors (3072K)
 Metaspace       used 64855K, committed 65536K, reserved 1114112K
  class space    used 8648K, committed 8960K, reserved 1048576K
}
Event: 1040.629 GC heap before
{Heap before GC invocations=19 (full 0):
 garbage-first heap   total 58368K, used 50220K [0x0000000081e00000, 0x0000000100000000)
  region size 1024K, 23 young (23552K), 3 survivors (3072K)
 Metaspace       used 68249K, committed 68928K, reserved 1114112K
  class space    used 9083K, committed 9344K, reserved 1048576K
}
Event: 1040.639 GC heap after
{Heap after GC invocations=20 (full 0):
 garbage-first heap   total 58368K, used 31383K [0x0000000081e00000, 0x0000000100000000)
  region size 1024K, 2 young (2048K), 2 survivors (2048K)
 Metaspace       used 68249K, committed 68928K, reserved 1114112K
  class space    used 9083K, committed 9344K, reserved 1048576K
}
Event: 1063.839 GC heap before
{Heap before GC invocations=21 (full 0):
 garbage-first heap   total 58368K, used 50839K [0x0000000081e00000, 0x0000000100000000)
  region size 1024K, 22 young (22528K), 2 survivors (2048K)
 Metaspace       used 72573K, committed 73344K, reserved 1114112K
  class space    used 9658K, committed 9984K, reserved 1048576K
}
Event: 1063.846 GC heap after
{Heap after GC invocations=22 (full 0):
 garbage-first heap   total 58368K, used 32947K [0x0000000081e00000, 0x0000000100000000)
  region size 1024K, 2 young (2048K), 2 survivors (2048K)
 Metaspace       used 72573K, committed 73344K, reserved 1114112K
  class space    used 9658K, committed 9984K, reserved 1048576K
}
Event: 2663.382 GC heap before
{Heap before GC invocations=22 (full 0):
 garbage-first heap   total 58368K, used 51379K [0x0000000081e00000, 0x0000000100000000)
  region size 1024K, 20 young (20480K), 2 survivors (2048K)
 Metaspace       used 73646K, committed 74368K, reserved 1114112K
  class space    used 9670K, committed 9984K, reserved 1048576K
}
Event: 2663.393 GC heap after
{Heap after GC invocations=23 (full 0):
 garbage-first heap   total 58368K, used 33380K [0x0000000081e00000, 0x0000000100000000)
  region size 1024K, 3 young (3072K), 3 survivors (3072K)
 Metaspace       used 73646K, committed 74368K, reserved 1114112K
  class space    used 9670K, committed 9984K, reserved 1048576K
}

