# JRE version: Java(TM) SE Runtime Environment (20.0.2+9) (build 20.0.2+9-78)
# Java VM: Java HotSpot(TM) 64-Bit Server VM (20.0.2+9-78, mixed mode, sharing, tiered, compressed oops, compressed class ptrs, g1 gc, windows-amd64)
GC Precious Log:
 CardTable entry size: 512
 Card Set container configuration: InlinePtr #cards 5 size 8 Array Of Cards #cards 12 size 40 Howl #buckets 4 coarsen threshold 1843 Howl Bitmap #cards 512 size 80 coarsen threshold 460 Card regions per heap region 1 cards per card region 2048
 CPUs: 4 total, 4 available
 Memory: 8067M
 Large Page Support: Disabled
 NUMA Support: Disabled
 Compressed Oops: Enabled (32-bit)
 Heap Region Size: 1M
 Heap Min Capacity: 8M
 Heap Initial Capacity: 128M
 Heap Max Capacity: 2018M
 Pre-touch: Disabled
 Parallel Workers: 4
 Concurrent Workers: 1
 Concurrent Refinement Workers: 4
 Periodic GC: Disabled
Heap:
 garbage-first heap   total 62464K, used 37606K [0x0000000081e00000, 0x0000000100000000)
  region size 1024K, 10 young (10240K), 2 survivors (2048K)
 Metaspace       used 77769K, committed 78464K, reserved 1179648K
  class space    used 9707K, committed 10112K, reserved 1048576K
GC Heap History (20 events):
Event: 16716.213 GC heap before
{Heap before GC invocations=46 (full 0):
 garbage-first heap   total 62464K, used 53932K [0x0000000081e00000, 0x0000000100000000)
  region size 1024K, 26 young (26624K), 2 survivors (2048K)
 Metaspace       used 77596K, committed 78336K, reserved 1179648K
  class space    used 9707K, committed 10112K, reserved 1048576K
}
Event: 16716.223 GC heap after
{Heap after GC invocations=47 (full 0):
 garbage-first heap   total 62464K, used 31123K [0x0000000081e00000, 0x0000000100000000)
  region size 1024K, 2 young (2048K), 2 survivors (2048K)
 Metaspace       used 77596K, committed 78336K, reserved 1179648K
  class space    used 9707K, committed 10112K, reserved 1048576K
}
Event: 17034.246 GC heap before
{Heap before GC invocations=48 (full 0):
 garbage-first heap   total 62464K, used 54675K [0x0000000081e00000, 0x0000000100000000)
  region size 1024K, 26 young (26624K), 2 survivors (2048K)
 Metaspace       used 77614K, committed 78336K, reserved 1179648K
  class space    used 9709K, committed 10112K, reserved 1048576K
}
Event: 17034.251 GC heap after
{Heap after GC invocations=49 (full 0):
 garbage-first heap   total 62464K, used 31034K [0x0000000081e00000, 0x0000000100000000)
  region size 1024K, 2 young (2048K), 2 survivors (2048K)
 Metaspace       used 77614K, committed 78336K, reserved 1179648K
  class space    used 9709K, committed 10112K, reserved 1048576K
}
Event: 17468.934 GC heap before
{Heap before GC invocations=49 (full 0):
 garbage-first heap   total 62464K, used 54586K [0x0000000081e00000, 0x0000000100000000)
  region size 1024K, 26 young (26624K), 2 survivors (2048K)
 Metaspace       used 77643K, committed 78336K, reserved 1179648K
  class space    used 9710K, committed 10112K, reserved 1048576K
}
Event: 17468.948 GC heap after
{Heap after GC invocations=50 (full 0):
 garbage-first heap   total 62464K, used 30538K [0x0000000081e00000, 0x0000000100000000)
  region size 1024K, 2 young (2048K), 2 survivors (2048K)
 Metaspace       used 77643K, committed 78336K, reserved 1179648K
  class space    used 9710K, committed 10112K, reserved 1048576K
}
Event: 17530.154 GC heap before
{Heap before GC invocations=50 (full 0):
 garbage-first heap   total 62464K, used 54090K [0x0000000081e00000, 0x0000000100000000)
  region size 1024K, 26 young (26624K), 2 survivors (2048K)
 Metaspace       used 77648K, committed 78336K, reserved 1179648K
  class space    used 9710K, committed 10112K, reserved 1048576K
}
Event: 17530.160 GC heap after
{Heap after GC invocations=51 (full 0):
 garbage-first heap   total 62464K, used 30636K [0x0000000081e00000, 0x0000000100000000)
  region size 1024K, 2 young (2048K), 2 survivors (2048K)
 Metaspace       used 77648K, committed 78336K, reserved 1179648K
  class space    used 9710K, committed 10112K, reserved 1048576K
}
Event: 17694.642 GC heap before
{Heap before GC invocations=52 (full 0):
 garbage-first heap   total 62464K, used 54188K [0x0000000081e00000, 0x0000000100000000)
  region size 1024K, 26 young (26624K), 2 survivors (2048K)
 Metaspace       used 77636K, committed 78336K, reserved 1179648K
  class space    used 9699K, committed 10112K, reserved 1048576K
}
Event: 17694.648 GC heap after
{Heap after GC invocations=53 (full 0):
 garbage-first heap   total 62464K, used 30744K [0x0000000081e00000, 0x0000000100000000)
  region size 1024K, 2 young (2048K), 2 survivors (2048K)
 Metaspace       used 77636K, committed 78336K, reserved 1179648K
  class space    used 9699K, committed 10112K, reserved 1048576K
}
Event: 17796.296 GC heap before
{Heap before GC invocations=53 (full 0):
 garbage-first heap   total 62464K, used 54296K [0x0000000081e00000, 0x0000000100000000)
  region size 1024K, 26 young (26624K), 2 survivors (2048K)
 Metaspace       used 77646K, committed 78400K, reserved 1179648K
  class space    used 9699K, committed 10112K, reserved 1048576K
}
Event: 17796.306 GC heap after
{Heap after GC invocations=54 (full 0):
 garbage-first heap   total 62464K, used 30523K [0x0000000081e00000, 0x0000000100000000)
  region size 1024K, 2 young (2048K), 2 survivors (2048K)
 Metaspace       used 77646K, committed 78400K, reserved 1179648K
  class space    used 9699K, committed 10112K, reserved 1048576K
}
Event: 17899.474 GC heap before
{Heap before GC invocations=54 (full 0):
 garbage-first heap   total 62464K, used 54075K [0x0000000081e00000, 0x0000000100000000)
  region size 1024K, 26 young (26624K), 2 survivors (2048K)
 Metaspace       used 77648K, committed 78400K, reserved 1179648K
  class space    used 9700K, committed 10112K, reserved 1048576K
}
Event: 17899.482 GC heap after
{Heap after GC invocations=55 (full 0):
 garbage-first heap   total 62464K, used 30623K [0x0000000081e00000, 0x0000000100000000)
  region size 1024K, 2 young (2048K), 2 survivors (2048K)
 Metaspace       used 77648K, committed 78400K, reserved 1179648K
  class space    used 9700K, committed 10112K, reserved 1048576K
}
Event: 18771.931 GC heap before
{Heap before GC invocations=56 (full 0):
 garbage-first heap   total 62464K, used 54175K [0x0000000081e00000, 0x0000000100000000)
  region size 1024K, 26 young (26624K), 2 survivors (2048K)
 Metaspace       used 77699K, committed 78400K, reserved 1179648K
  class space    used 9702K, committed 10112K, reserved 1048576K
}
Event: 18771.937 GC heap after
{Heap after GC invocations=57 (full 0):
 garbage-first heap   total 62464K, used 31092K [0x0000000081e00000, 0x0000000100000000)
  region size 1024K, 2 young (2048K), 2 survivors (2048K)
 Metaspace       used 77699K, committed 78400K, reserved 1179648K
  class space    used 9702K, committed 10112K, reserved 1048576K
}
Event: 19087.913 GC heap before
{Heap before GC invocations=57 (full 0):
 garbage-first heap   total 62464K, used 54644K [0x0000000081e00000, 0x0000000100000000)
  region size 1024K, 26 young (26624K), 2 survivors (2048K)
 Metaspace       used 77706K, committed 78400K, reserved 1179648K
  class space    used 9702K, committed 10112K, reserved 1048576K
}
Event: 19087.935 GC heap after
{Heap after GC invocations=58 (full 0):
 garbage-first heap   total 62464K, used 30351K [0x0000000081e00000, 0x0000000100000000)
  region size 1024K, 2 young (2048K), 2 survivors (2048K)
 Metaspace       used 77706K, committed 78400K, reserved 1179648K
  class space    used 9702K, committed 10112K, reserved 1048576K
}
Event: 19689.346 GC heap before
{Heap before GC invocations=58 (full 0):
 garbage-first heap   total 62464K, used 53903K [0x0000000081e00000, 0x0000000100000000)
  region size 1024K, 26 young (26624K), 2 survivors (2048K)
 Metaspace       used 77745K, committed 78464K, reserved 1179648K
  class space    used 9706K, committed 10112K, reserved 1048576K
}
Event: 19689.351 GC heap after
{Heap after GC invocations=59 (full 0):
 garbage-first heap   total 62464K, used 30438K [0x0000000081e00000, 0x0000000100000000)
  region size 1024K, 2 young (2048K), 2 survivors (2048K)
 Metaspace       used 77745K, committed 78464K, reserved 1179648K
  class space    used 9706K, committed 10112K, reserved 1048576K
}

