# JRE version: Java(TM) SE Runtime Environment (20.0.2+9) (build 20.0.2+9-78)
# Java VM: Java HotSpot(TM) 64-Bit Server VM (20.0.2+9-78, mixed mode, sharing, tiered, compressed oops, compressed class ptrs, g1 gc, windows-amd64)
GC Precious Log:
 CardTable entry size: 512
 Card Set container configuration: InlinePtr #cards 5 size 8 Array Of Cards #cards 12 size 40 Howl #buckets 4 coarsen threshold 1843 Howl Bitmap #cards 512 size 80 coarsen threshold 460 Card regions per heap region 1 cards per card region 2048
 CPUs: 4 total, 4 available
 Memory: 8067M
 Large Page Support: Disabled
 NUMA Support: Disabled
 Compressed Oops: Enabled (32-bit)
 Heap Region Size: 1M
 Heap Min Capacity: 8M
 Heap Initial Capacity: 128M
 Heap Max Capacity: 2018M
 Pre-touch: Disabled
 Parallel Workers: 4
 Concurrent Workers: 1
 Concurrent Refinement Workers: 4
 Periodic GC: Disabled
Heap:
 garbage-first heap   total 53248K, used 36280K [0x0000000081e00000, 0x0000000100000000)
  region size 1024K, 10 young (10240K), 3 survivors (3072K)
 Metaspace       used 65131K, committed 65728K, reserved 1114112K
  class space    used 8663K, committed 8960K, reserved 1048576K
GC Heap History (20 events):
Event: 35.542 GC heap before
{Heap before GC invocations=9 (full 0):
 garbage-first heap   total 48128K, used 39168K [0x0000000081e00000, 0x0000000100000000)
  region size 1024K, 22 young (22528K), 2 survivors (2048K)
 Metaspace       used 43947K, committed 44416K, reserved 1114112K
  class space    used 5563K, committed 5760K, reserved 1048576K
}
Event: 35.552 GC heap after
{Heap after GC invocations=10 (full 0):
 garbage-first heap   total 48128K, used 21717K [0x0000000081e00000, 0x0000000100000000)
  region size 1024K, 3 young (3072K), 3 survivors (3072K)
 Metaspace       used 43947K, committed 44416K, reserved 1114112K
  class space    used 5563K, committed 5760K, reserved 1048576K
}
Event: 37.500 GC heap before
{Heap before GC invocations=10 (full 0):
 garbage-first heap   total 48128K, used 40149K [0x0000000081e00000, 0x0000000100000000)
  region size 1024K, 21 young (21504K), 3 survivors (3072K)
 Metaspace       used 49688K, committed 50240K, reserved 1114112K
  class space    used 6428K, committed 6656K, reserved 1048576K
}
Event: 37.514 GC heap after
{Heap after GC invocations=11 (full 0):
 garbage-first heap   total 48128K, used 22677K [0x0000000081e00000, 0x0000000100000000)
  region size 1024K, 2 young (2048K), 2 survivors (2048K)
 Metaspace       used 49688K, committed 50240K, reserved 1114112K
  class space    used 6428K, committed 6656K, reserved 1048576K
}
Event: 40.255 GC heap before
{Heap before GC invocations=11 (full 0):
 garbage-first heap   total 48128K, used 41109K [0x0000000081e00000, 0x0000000100000000)
  region size 1024K, 20 young (20480K), 2 survivors (2048K)
 Metaspace       used 52834K, committed 53312K, reserved 1114112K
  class space    used 6902K, committed 7104K, reserved 1048576K
}
Event: 40.262 GC heap after
{Heap after GC invocations=12 (full 0):
 garbage-first heap   total 48128K, used 23126K [0x0000000081e00000, 0x0000000100000000)
  region size 1024K, 2 young (2048K), 2 survivors (2048K)
 Metaspace       used 52834K, committed 53312K, reserved 1114112K
  class space    used 6902K, committed 7104K, reserved 1048576K
}
Event: 42.043 GC heap before
{Heap before GC invocations=12 (full 0):
 garbage-first heap   total 48128K, used 42582K [0x0000000081e00000, 0x0000000100000000)
  region size 1024K, 21 young (21504K), 2 survivors (2048K)
 Metaspace       used 57201K, committed 57792K, reserved 1114112K
  class space    used 7455K, committed 7680K, reserved 1048576K
}
Event: 42.055 GC heap after
{Heap after GC invocations=13 (full 0):
 garbage-first heap   total 48128K, used 24887K [0x0000000081e00000, 0x0000000100000000)
  region size 1024K, 3 young (3072K), 3 survivors (3072K)
 Metaspace       used 57201K, committed 57792K, reserved 1114112K
  class space    used 7455K, committed 7680K, reserved 1048576K
}
Event: 42.643 GC heap before
{Heap before GC invocations=13 (full 0):
 garbage-first heap   total 48128K, used 41271K [0x0000000081e00000, 0x0000000100000000)
  region size 1024K, 19 young (19456K), 3 survivors (3072K)
 Metaspace       used 58651K, committed 59264K, reserved 1114112K
  class space    used 7643K, committed 7936K, reserved 1048576K
}
Event: 42.654 GC heap after
{Heap after GC invocations=14 (full 0):
 garbage-first heap   total 48128K, used 25787K [0x0000000081e00000, 0x0000000100000000)
  region size 1024K, 1 young (1024K), 1 survivors (1024K)
 Metaspace       used 58651K, committed 59264K, reserved 1114112K
  class space    used 7643K, committed 7936K, reserved 1048576K
}
Event: 43.294 GC heap before
{Heap before GC invocations=15 (full 0):
 garbage-first heap   total 48128K, used 42171K [0x0000000081e00000, 0x0000000100000000)
  region size 1024K, 17 young (17408K), 1 survivors (1024K)
 Metaspace       used 60460K, committed 61056K, reserved 1114112K
  class space    used 8050K, committed 8320K, reserved 1048576K
}
Event: 43.302 GC heap after
{Heap after GC invocations=16 (full 0):
 garbage-first heap   total 48128K, used 26962K [0x0000000081e00000, 0x0000000100000000)
  region size 1024K, 2 young (2048K), 2 survivors (2048K)
 Metaspace       used 60460K, committed 61056K, reserved 1114112K
  class space    used 8050K, committed 8320K, reserved 1048576K
}
Event: 44.263 GC heap before
{Heap before GC invocations=16 (full 0):
 garbage-first heap   total 48128K, used 41298K [0x0000000081e00000, 0x0000000100000000)
  region size 1024K, 17 young (17408K), 2 survivors (2048K)
 Metaspace       used 61420K, committed 62080K, reserved 1114112K
  class space    used 8168K, committed 8448K, reserved 1048576K
}
Event: 44.273 GC heap after
{Heap after GC invocations=17 (full 0):
 garbage-first heap   total 48128K, used 27234K [0x0000000081e00000, 0x0000000100000000)
  region size 1024K, 2 young (2048K), 2 survivors (2048K)
 Metaspace       used 61420K, committed 62080K, reserved 1114112K
  class space    used 8168K, committed 8448K, reserved 1048576K
}
Event: 45.209 GC heap before
{Heap before GC invocations=17 (full 0):
 garbage-first heap   total 48128K, used 42594K [0x0000000081e00000, 0x0000000100000000)
  region size 1024K, 17 young (17408K), 2 survivors (2048K)
 Metaspace       used 62419K, committed 63040K, reserved 1114112K
  class space    used 8292K, committed 8576K, reserved 1048576K
}
Event: 45.215 GC heap after
{Heap after GC invocations=18 (full 0):
 garbage-first heap   total 48128K, used 27952K [0x0000000081e00000, 0x0000000100000000)
  region size 1024K, 2 young (2048K), 2 survivors (2048K)
 Metaspace       used 62419K, committed 63040K, reserved 1114112K
  class space    used 8292K, committed 8576K, reserved 1048576K
}
Event: 45.651 GC heap before
{Heap before GC invocations=19 (full 0):
 garbage-first heap   total 53248K, used 41264K [0x0000000081e00000, 0x0000000100000000)
  region size 1024K, 15 young (15360K), 2 survivors (2048K)
 Metaspace       used 62714K, committed 63360K, reserved 1114112K
  class space    used 8325K, committed 8640K, reserved 1048576K
}
Event: 45.655 GC heap after
{Heap after GC invocations=20 (full 0):
 garbage-first heap   total 53248K, used 28577K [0x0000000081e00000, 0x0000000100000000)
  region size 1024K, 2 young (2048K), 2 survivors (2048K)
 Metaspace       used 62714K, committed 63360K, reserved 1114112K
  class space    used 8325K, committed 8640K, reserved 1048576K
}
Event: 46.639 GC heap before
{Heap before GC invocations=20 (full 0):
 garbage-first heap   total 53248K, used 45985K [0x0000000081e00000, 0x0000000100000000)
  region size 1024K, 19 young (19456K), 2 survivors (2048K)
 Metaspace       used 64963K, committed 65600K, reserved 1114112K
  class space    used 8643K, committed 8960K, reserved 1048576K
}
Event: 46.646 GC heap after
{Heap after GC invocations=21 (full 0):
 garbage-first heap   total 53248K, used 30136K [0x0000000081e00000, 0x0000000100000000)
  region size 1024K, 3 young (3072K), 3 survivors (3072K)
 Metaspace       used 64963K, committed 65600K, reserved 1114112K
  class space    used 8643K, committed 8960K, reserved 1048576K
}

