# JRE version: Java(TM) SE Runtime Environment (20.0.2+9) (build 20.0.2+9-78)
# Java VM: Java HotSpot(TM) 64-Bit Server VM (20.0.2+9-78, mixed mode, sharing, tiered, compressed oops, compressed class ptrs, g1 gc, windows-amd64)
GC Precious Log:
 CardTable entry size: 512
 Card Set container configuration: InlinePtr #cards 5 size 8 Array Of Cards #cards 12 size 40 Howl #buckets 4 coarsen threshold 1843 Howl Bitmap #cards 512 size 80 coarsen threshold 460 Card regions per heap region 1 cards per card region 2048
 CPUs: 4 total, 4 available
 Memory: 8067M
 Large Page Support: Disabled
 NUMA Support: Disabled
 Compressed Oops: Enabled (32-bit)
 Heap Region Size: 1M
 Heap Min Capacity: 8M
 Heap Initial Capacity: 128M
 Heap Max Capacity: 2018M
 Pre-touch: Disabled
 Parallel Workers: 4
 Concurrent Workers: 1
 Concurrent Refinement Workers: 4
 Periodic GC: Disabled
Heap:
 garbage-first heap   total 60416K, used 46716K [0x0000000081e00000, 0x0000000100000000)
  region size 1024K, 18 young (18432K), 2 survivors (2048K)
 Metaspace       used 74581K, committed 75328K, reserved 1179648K
  class space    used 9761K, committed 10112K, reserved 1048576K
GC Heap History (20 events):
Event: 34.911 GC heap before
{Heap before GC invocations=12 (full 0):
 garbage-first heap   total 51200K, used 43639K [0x0000000081e00000, 0x0000000100000000)
  region size 1024K, 23 young (23552K), 3 survivors (3072K)
 Metaspace       used 58549K, committed 59136K, reserved 1114112K
  class space    used 7643K, committed 7936K, reserved 1048576K
}
Event: 34.922 GC heap after
{Heap after GC invocations=13 (full 0):
 garbage-first heap   total 51200K, used 24561K [0x0000000081e00000, 0x0000000100000000)
  region size 1024K, 3 young (3072K), 3 survivors (3072K)
 Metaspace       used 58549K, committed 59136K, reserved 1114112K
  class space    used 7643K, committed 7936K, reserved 1048576K
}
Event: 35.379 GC heap before
{Heap before GC invocations=13 (full 0):
 garbage-first heap   total 51200K, used 31729K [0x0000000081e00000, 0x0000000100000000)
  region size 1024K, 11 young (11264K), 3 survivors (3072K)
 Metaspace       used 59467K, committed 60096K, reserved 1114112K
  class space    used 7741K, committed 8000K, reserved 1048576K
}
Event: 35.388 GC heap after
{Heap after GC invocations=14 (full 0):
 garbage-first heap   total 51200K, used 25152K [0x0000000081e00000, 0x0000000100000000)
  region size 1024K, 2 young (2048K), 2 survivors (2048K)
 Metaspace       used 59467K, committed 60096K, reserved 1114112K
  class space    used 7741K, committed 8000K, reserved 1048576K
}
Event: 37.617 GC heap before
{Heap before GC invocations=15 (full 0):
 garbage-first heap   total 51200K, used 45632K [0x0000000081e00000, 0x0000000100000000)
  region size 1024K, 22 young (22528K), 2 survivors (2048K)
 Metaspace       used 60425K, committed 61056K, reserved 1114112K
  class space    used 8054K, committed 8320K, reserved 1048576K
}
Event: 37.629 GC heap after
{Heap after GC invocations=16 (full 0):
 garbage-first heap   total 51200K, used 27501K [0x0000000081e00000, 0x0000000100000000)
  region size 1024K, 3 young (3072K), 3 survivors (3072K)
 Metaspace       used 60425K, committed 61056K, reserved 1114112K
  class space    used 8054K, committed 8320K, reserved 1048576K
}
Event: 39.255 GC heap before
{Heap before GC invocations=16 (full 0):
 garbage-first heap   total 51200K, used 42861K [0x0000000081e00000, 0x0000000100000000)
  region size 1024K, 19 young (19456K), 3 survivors (3072K)
 Metaspace       used 62127K, committed 62784K, reserved 1114112K
  class space    used 8278K, committed 8576K, reserved 1048576K
}
Event: 39.263 GC heap after
{Heap after GC invocations=17 (full 0):
 garbage-first heap   total 51200K, used 27135K [0x0000000081e00000, 0x0000000100000000)
  region size 1024K, 1 young (1024K), 1 survivors (1024K)
 Metaspace       used 62127K, committed 62784K, reserved 1114112K
  class space    used 8278K, committed 8576K, reserved 1048576K
}
Event: 41.194 GC heap before
{Heap before GC invocations=17 (full 0):
 garbage-first heap   total 51200K, used 45567K [0x0000000081e00000, 0x0000000100000000)
  region size 1024K, 19 young (19456K), 1 survivors (1024K)
 Metaspace       used 63260K, committed 63872K, reserved 1114112K
  class space    used 8422K, committed 8704K, reserved 1048576K
}
Event: 41.199 GC heap after
{Heap after GC invocations=18 (full 0):
 garbage-first heap   total 51200K, used 28042K [0x0000000081e00000, 0x0000000100000000)
  region size 1024K, 2 young (2048K), 2 survivors (2048K)
 Metaspace       used 63260K, committed 63872K, reserved 1114112K
  class space    used 8422K, committed 8704K, reserved 1048576K
}
Event: 44.324 GC heap before
{Heap before GC invocations=19 (full 0):
 garbage-first heap   total 51200K, used 45450K [0x0000000081e00000, 0x0000000100000000)
  region size 1024K, 19 young (19456K), 2 survivors (2048K)
 Metaspace       used 64868K, committed 65536K, reserved 1114112K
  class space    used 8645K, committed 8960K, reserved 1048576K
}
Event: 44.332 GC heap after
{Heap after GC invocations=20 (full 0):
 garbage-first heap   total 51200K, used 29502K [0x0000000081e00000, 0x0000000100000000)
  region size 1024K, 3 young (3072K), 3 survivors (3072K)
 Metaspace       used 64868K, committed 65536K, reserved 1114112K
  class space    used 8645K, committed 8960K, reserved 1048576K
}
Event: 53.136 GC heap before
{Heap before GC invocations=20 (full 0):
 garbage-first heap   total 51200K, used 42814K [0x0000000081e00000, 0x0000000100000000)
  region size 1024K, 17 young (17408K), 3 survivors (3072K)
 Metaspace       used 66898K, committed 67584K, reserved 1114112K
  class space    used 8903K, committed 9216K, reserved 1048576K
}
Event: 53.146 GC heap after
{Heap after GC invocations=21 (full 0):
 garbage-first heap   total 51200K, used 30573K [0x0000000081e00000, 0x0000000100000000)
  region size 1024K, 3 young (3072K), 3 survivors (3072K)
 Metaspace       used 66898K, committed 67584K, reserved 1114112K
  class space    used 8903K, committed 9216K, reserved 1048576K
}
Event: 54.999 GC heap before
{Heap before GC invocations=21 (full 0):
 garbage-first heap   total 51200K, used 43885K [0x0000000081e00000, 0x0000000100000000)
  region size 1024K, 17 young (17408K), 3 survivors (3072K)
 Metaspace       used 70071K, committed 70784K, reserved 1114112K
  class space    used 9349K, committed 9664K, reserved 1048576K
}
Event: 55.008 GC heap after
{Heap after GC invocations=22 (full 0):
 garbage-first heap   total 51200K, used 31691K [0x0000000081e00000, 0x0000000100000000)
  region size 1024K, 3 young (3072K), 3 survivors (3072K)
 Metaspace       used 70071K, committed 70784K, reserved 1114112K
  class space    used 9349K, committed 9664K, reserved 1048576K
}
Event: 85.889 GC heap before
{Heap before GC invocations=23 (full 0):
 garbage-first heap   total 60416K, used 42955K [0x0000000081e00000, 0x0000000100000000)
  region size 1024K, 14 young (14336K), 3 survivors (3072K)
 Metaspace       used 72162K, committed 72896K, reserved 1114112K
  class space    used 9604K, committed 9920K, reserved 1048576K
}
Event: 85.895 GC heap after
{Heap after GC invocations=24 (full 0):
 garbage-first heap   total 60416K, used 32401K [0x0000000081e00000, 0x0000000100000000)
  region size 1024K, 1 young (1024K), 1 survivors (1024K)
 Metaspace       used 72162K, committed 72896K, reserved 1114112K
  class space    used 9604K, committed 9920K, reserved 1048576K
}
Event: 868.133 GC heap before
{Heap before GC invocations=24 (full 0):
 garbage-first heap   total 60416K, used 53905K [0x0000000081e00000, 0x0000000100000000)
  region size 1024K, 23 young (23552K), 1 survivors (1024K)
 Metaspace       used 73871K, committed 74560K, reserved 1114112K
  class space    used 9728K, committed 10048K, reserved 1048576K
}
Event: 868.141 GC heap after
{Heap after GC invocations=25 (full 0):
 garbage-first heap   total 60416K, used 32380K [0x0000000081e00000, 0x0000000100000000)
  region size 1024K, 2 young (2048K), 2 survivors (2048K)
 Metaspace       used 73871K, committed 74560K, reserved 1114112K
  class space    used 9728K, committed 10048K, reserved 1048576K
}

