# JRE version: Java(TM) SE Runtime Environment (20.0.2+9) (build 20.0.2+9-78)
# Java VM: Java HotSpot(TM) 64-Bit Server VM (20.0.2+9-78, mixed mode, sharing, tiered, compressed oops, compressed class ptrs, g1 gc, windows-amd64)
GC Precious Log:
 CardTable entry size: 512
 Card Set container configuration: InlinePtr #cards 5 size 8 Array Of Cards #cards 12 size 40 Howl #buckets 4 coarsen threshold 1843 Howl Bitmap #cards 512 size 80 coarsen threshold 460 Card regions per heap region 1 cards per card region 2048
 CPUs: 4 total, 4 available
 Memory: 8067M
 Large Page Support: Disabled
 NUMA Support: Disabled
 Compressed Oops: Enabled (32-bit)
 Heap Region Size: 1M
 Heap Min Capacity: 8M
 Heap Initial Capacity: 128M
 Heap Max Capacity: 2018M
 Pre-touch: Disabled
 Parallel Workers: 4
 Concurrent Workers: 1
 Concurrent Refinement Workers: 4
 Periodic GC: Disabled
Heap:
 garbage-first heap   total 51200K, used 35619K [0x0000000081e00000, 0x0000000100000000)
  region size 1024K, 16 young (16384K), 3 survivors (3072K)
 Metaspace       used 57336K, committed 57984K, reserved 1114112K
  class space    used 7499K, committed 7808K, reserved 1048576K
GC Heap History (20 events):
Event: 1.186 GC heap before
{Heap before GC invocations=0 (full 0):
 garbage-first heap   total 131072K, used 14336K [0x0000000081e00000, 0x0000000100000000)
  region size 1024K, 13 young (13312K), 0 survivors (0K)
 Metaspace       used 3756K, committed 3968K, reserved 1114112K
  class space    used 378K, committed 512K, reserved 1048576K
}
Event: 1.193 GC heap after
{Heap after GC invocations=1 (full 0):
 garbage-first heap   total 131072K, used 6315K [0x0000000081e00000, 0x0000000100000000)
  region size 1024K, 2 young (2048K), 2 survivors (2048K)
 Metaspace       used 3756K, committed 3968K, reserved 1114112K
  class space    used 378K, committed 512K, reserved 1048576K
}
Event: 1.905 GC heap before
{Heap before GC invocations=1 (full 0):
 garbage-first heap   total 131072K, used 18603K [0x0000000081e00000, 0x0000000100000000)
  region size 1024K, 14 young (14336K), 2 survivors (2048K)
 Metaspace       used 7470K, committed 7680K, reserved 1114112K
  class space    used 879K, committed 960K, reserved 1048576K
}
Event: 1.911 GC heap after
{Heap after GC invocations=2 (full 0):
 garbage-first heap   total 131072K, used 7574K [0x0000000081e00000, 0x0000000100000000)
  region size 1024K, 2 young (2048K), 2 survivors (2048K)
 Metaspace       used 7470K, committed 7680K, reserved 1114112K
  class space    used 879K, committed 960K, reserved 1048576K
}
Event: 2.706 GC heap before
{Heap before GC invocations=2 (full 0):
 garbage-first heap   total 131072K, used 34198K [0x0000000081e00000, 0x0000000100000000)
  region size 1024K, 29 young (29696K), 2 survivors (2048K)
 Metaspace       used 14963K, committed 15232K, reserved 1114112K
  class space    used 1781K, committed 1920K, reserved 1048576K
}
Event: 2.714 GC heap after
{Heap after GC invocations=3 (full 0):
 garbage-first heap   total 131072K, used 9465K [0x0000000081e00000, 0x0000000100000000)
  region size 1024K, 3 young (3072K), 3 survivors (3072K)
 Metaspace       used 14963K, committed 15232K, reserved 1114112K
  class space    used 1781K, committed 1920K, reserved 1048576K
}
Event: 4.904 GC heap before
{Heap before GC invocations=3 (full 0):
 garbage-first heap   total 131072K, used 50425K [0x0000000081e00000, 0x0000000100000000)
  region size 1024K, 45 young (46080K), 3 survivors (3072K)
 Metaspace       used 21223K, committed 21504K, reserved 1114112K
  class space    used 2572K, committed 2688K, reserved 1048576K
}
Event: 4.918 GC heap after
{Heap after GC invocations=4 (full 0):
 garbage-first heap   total 131072K, used 13211K [0x0000000081e00000, 0x0000000100000000)
  region size 1024K, 7 young (7168K), 7 survivors (7168K)
 Metaspace       used 21223K, committed 21504K, reserved 1114112K
  class space    used 2572K, committed 2688K, reserved 1048576K
}
Event: 6.473 GC heap before
{Heap before GC invocations=5 (full 0):
 garbage-first heap   total 51200K, used 36763K [0x0000000081e00000, 0x0000000100000000)
  region size 1024K, 30 young (30720K), 7 survivors (7168K)
 Metaspace       used 26370K, committed 26816K, reserved 1114112K
  class space    used 3288K, committed 3456K, reserved 1048576K
}
Event: 6.499 GC heap after
{Heap after GC invocations=6 (full 0):
 garbage-first heap   total 51200K, used 16121K [0x0000000081e00000, 0x0000000100000000)
  region size 1024K, 4 young (4096K), 4 survivors (4096K)
 Metaspace       used 26370K, committed 26816K, reserved 1114112K
  class space    used 3288K, committed 3456K, reserved 1048576K
}
Event: 8.089 GC heap before
{Heap before GC invocations=6 (full 0):
 garbage-first heap   total 51200K, used 39673K [0x0000000081e00000, 0x0000000100000000)
  region size 1024K, 27 young (27648K), 4 survivors (4096K)
 Metaspace       used 31718K, committed 32256K, reserved 1114112K
  class space    used 4004K, committed 4224K, reserved 1048576K
}
Event: 8.107 GC heap after
{Heap after GC invocations=7 (full 0):
 garbage-first heap   total 51200K, used 17374K [0x0000000081e00000, 0x0000000100000000)
  region size 1024K, 2 young (2048K), 2 survivors (2048K)
 Metaspace       used 31718K, committed 32256K, reserved 1114112K
  class space    used 4004K, committed 4224K, reserved 1048576K
}
Event: 8.851 GC heap before
{Heap before GC invocations=7 (full 0):
 garbage-first heap   total 51200K, used 29662K [0x0000000081e00000, 0x0000000100000000)
  region size 1024K, 15 young (15360K), 2 survivors (2048K)
 Metaspace       used 35622K, committed 36096K, reserved 1114112K
  class space    used 4533K, committed 4736K, reserved 1048576K
}
Event: 8.863 GC heap after
{Heap after GC invocations=8 (full 0):
 garbage-first heap   total 51200K, used 18432K [0x0000000081e00000, 0x0000000100000000)
  region size 1024K, 3 young (3072K), 3 survivors (3072K)
 Metaspace       used 35622K, committed 36096K, reserved 1114112K
  class space    used 4533K, committed 4736K, reserved 1048576K
}
Event: 11.650 GC heap before
{Heap before GC invocations=9 (full 0):
 garbage-first heap   total 51200K, used 43008K [0x0000000081e00000, 0x0000000100000000)
  region size 1024K, 27 young (27648K), 3 survivors (3072K)
 Metaspace       used 44829K, committed 45312K, reserved 1114112K
  class space    used 5699K, committed 5888K, reserved 1048576K
}
Event: 11.666 GC heap after
{Heap after GC invocations=10 (full 0):
 garbage-first heap   total 51200K, used 21504K [0x0000000081e00000, 0x0000000100000000)
  region size 1024K, 4 young (4096K), 4 survivors (4096K)
 Metaspace       used 44829K, committed 45312K, reserved 1114112K
  class space    used 5699K, committed 5888K, reserved 1048576K
}
Event: 13.132 GC heap before
{Heap before GC invocations=10 (full 0):
 garbage-first heap   total 51200K, used 43008K [0x0000000081e00000, 0x0000000100000000)
  region size 1024K, 25 young (25600K), 4 survivors (4096K)
 Metaspace       used 51399K, committed 51968K, reserved 1114112K
  class space    used 6737K, committed 6976K, reserved 1048576K
}
Event: 13.147 GC heap after
{Heap after GC invocations=11 (full 0):
 garbage-first heap   total 51200K, used 22225K [0x0000000081e00000, 0x0000000100000000)
  region size 1024K, 2 young (2048K), 2 survivors (2048K)
 Metaspace       used 51399K, committed 51968K, reserved 1114112K
  class space    used 6737K, committed 6976K, reserved 1048576K
}
Event: 14.889 GC heap before
{Heap before GC invocations=11 (full 0):
 garbage-first heap   total 51200K, used 41681K [0x0000000081e00000, 0x0000000100000000)
  region size 1024K, 22 young (22528K), 2 survivors (2048K)
 Metaspace       used 55462K, committed 56000K, reserved 1114112K
  class space    used 7253K, committed 7488K, reserved 1048576K
}
Event: 14.897 GC heap after
{Heap after GC invocations=12 (full 0):
 garbage-first heap   total 51200K, used 23331K [0x0000000081e00000, 0x0000000100000000)
  region size 1024K, 3 young (3072K), 3 survivors (3072K)
 Metaspace       used 55462K, committed 56000K, reserved 1114112K
  class space    used 7253K, committed 7488K, reserved 1048576K
}

