# JRE version: Java(TM) SE Runtime Environment (20.0.2+9) (build 20.0.2+9-78)
# Java VM: Java HotSpot(TM) 64-Bit Server VM (20.0.2+9-78, mixed mode, sharing, tiered, compressed oops, compressed class ptrs, g1 gc, windows-amd64)
GC Precious Log:
 CardTable entry size: 512
 Card Set container configuration: InlinePtr #cards 5 size 8 Array Of Cards #cards 12 size 40 Howl #buckets 4 coarsen threshold 1843 Howl Bitmap #cards 512 size 80 coarsen threshold 460 Card regions per heap region 1 cards per card region 2048
 CPUs: 4 total, 4 available
 Memory: 8067M
 Large Page Support: Disabled
 NUMA Support: Disabled
 Compressed Oops: Enabled (32-bit)
 Heap Region Size: 1M
 Heap Min Capacity: 8M
 Heap Initial Capacity: 128M
 Heap Max Capacity: 2018M
 Pre-touch: Disabled
 Parallel Workers: 4
 Concurrent Workers: 1
 Concurrent Refinement Workers: 4
 Periodic GC: Disabled
Heap:
 garbage-first heap   total 61440K, used 52233K [0x0000000081e00000, 0x0000000100000000)
  region size 1024K, 23 young (23552K), 2 survivors (2048K)
 Metaspace       used 77293K, committed 78080K, reserved 1179648K
  class space    used 9742K, committed 10176K, reserved 1048576K
GC Heap History (20 events):
Event: 792.768 GC heap before
{Heap before GC invocations=23 (full 0):
 garbage-first heap   total 58368K, used 50549K [0x0000000081e00000, 0x0000000100000000)
  region size 1024K, 20 young (20480K), 2 survivors (2048K)
 Metaspace       used 73483K, committed 74176K, reserved 1114112K
  class space    used 9679K, committed 9984K, reserved 1048576K
}
Event: 792.773 GC heap after
{Heap after GC invocations=24 (full 0):
 garbage-first heap   total 58368K, used 33332K [0x0000000081e00000, 0x0000000100000000)
  region size 1024K, 2 young (2048K), 2 survivors (2048K)
 Metaspace       used 73483K, committed 74176K, reserved 1114112K
  class space    used 9679K, committed 9984K, reserved 1048576K
}
Event: 1035.797 GC heap before
{Heap before GC invocations=25 (full 0):
 garbage-first heap   total 60416K, used 50740K [0x0000000081e00000, 0x0000000100000000)
  region size 1024K, 20 young (20480K), 2 survivors (2048K)
 Metaspace       used 74386K, committed 75136K, reserved 1114112K
  class space    used 9714K, committed 10048K, reserved 1048576K
}
Event: 1035.802 GC heap after
{Heap after GC invocations=26 (full 0):
 garbage-first heap   total 60416K, used 33728K [0x0000000081e00000, 0x0000000100000000)
  region size 1024K, 1 young (1024K), 1 survivors (1024K)
 Metaspace       used 74386K, committed 75136K, reserved 1114112K
  class space    used 9714K, committed 10048K, reserved 1048576K
}
Event: 1188.158 GC heap before
{Heap before GC invocations=26 (full 0):
 garbage-first heap   total 60416K, used 54208K [0x0000000081e00000, 0x0000000100000000)
  region size 1024K, 21 young (21504K), 1 survivors (1024K)
 Metaspace       used 75017K, committed 75712K, reserved 1179648K
  class space    used 9722K, committed 10048K, reserved 1048576K
}
Event: 1188.164 GC heap after
{Heap after GC invocations=27 (full 0):
 garbage-first heap   total 60416K, used 33189K [0x0000000081e00000, 0x0000000100000000)
  region size 1024K, 1 young (1024K), 1 survivors (1024K)
 Metaspace       used 75017K, committed 75712K, reserved 1179648K
  class space    used 9722K, committed 10048K, reserved 1048576K
}
Event: 1444.014 GC heap before
{Heap before GC invocations=27 (full 0):
 garbage-first heap   total 60416K, used 53669K [0x0000000081e00000, 0x0000000100000000)
  region size 1024K, 22 young (22528K), 1 survivors (1024K)
 Metaspace       used 75497K, committed 76224K, reserved 1179648K
  class space    used 9724K, committed 10048K, reserved 1048576K
}
Event: 1444.019 GC heap after
{Heap after GC invocations=28 (full 0):
 garbage-first heap   total 60416K, used 33187K [0x0000000081e00000, 0x0000000100000000)
  region size 1024K, 1 young (1024K), 1 survivors (1024K)
 Metaspace       used 75497K, committed 76224K, reserved 1179648K
  class space    used 9724K, committed 10048K, reserved 1048576K
}
Event: 2045.688 GC heap before
{Heap before GC invocations=29 (full 0):
 garbage-first heap   total 60416K, used 53667K [0x0000000081e00000, 0x0000000100000000)
  region size 1024K, 22 young (22528K), 1 survivors (1024K)
 Metaspace       used 75911K, committed 76672K, reserved 1179648K
  class space    used 9736K, committed 10112K, reserved 1048576K
}
Event: 2045.695 GC heap after
{Heap after GC invocations=30 (full 0):
 garbage-first heap   total 60416K, used 33909K [0x0000000081e00000, 0x0000000100000000)
  region size 1024K, 2 young (2048K), 2 survivors (2048K)
 Metaspace       used 75911K, committed 76672K, reserved 1179648K
  class space    used 9736K, committed 10112K, reserved 1048576K
}
Event: 2144.458 GC heap before
{Heap before GC invocations=30 (full 0):
 garbage-first heap   total 60416K, used 52341K [0x0000000081e00000, 0x0000000100000000)
  region size 1024K, 21 young (21504K), 2 survivors (2048K)
 Metaspace       used 76286K, committed 77120K, reserved 1179648K
  class space    used 9770K, committed 10176K, reserved 1048576K
}
Event: 2144.465 GC heap after
{Heap after GC invocations=31 (full 0):
 garbage-first heap   total 60416K, used 33826K [0x0000000081e00000, 0x0000000100000000)
  region size 1024K, 2 young (2048K), 2 survivors (2048K)
 Metaspace       used 76286K, committed 77120K, reserved 1179648K
  class space    used 9770K, committed 10176K, reserved 1048576K
}
Event: 2346.445 GC heap before
{Heap before GC invocations=31 (full 0):
 garbage-first heap   total 60416K, used 52258K [0x0000000081e00000, 0x0000000100000000)
  region size 1024K, 21 young (21504K), 2 survivors (2048K)
 Metaspace       used 76589K, committed 77440K, reserved 1179648K
  class space    used 9774K, committed 10176K, reserved 1048576K
}
Event: 2346.451 GC heap after
{Heap after GC invocations=32 (full 0):
 garbage-first heap   total 60416K, used 33944K [0x0000000081e00000, 0x0000000100000000)
  region size 1024K, 2 young (2048K), 2 survivors (2048K)
 Metaspace       used 76589K, committed 77440K, reserved 1179648K
  class space    used 9774K, committed 10176K, reserved 1048576K
}
Event: 2511.340 GC heap before
{Heap before GC invocations=33 (full 0):
 garbage-first heap   total 60416K, used 52376K [0x0000000081e00000, 0x0000000100000000)
  region size 1024K, 21 young (21504K), 2 survivors (2048K)
 Metaspace       used 76696K, committed 77504K, reserved 1179648K
  class space    used 9732K, committed 10176K, reserved 1048576K
}
Event: 2511.347 GC heap after
{Heap after GC invocations=34 (full 0):
 garbage-first heap   total 60416K, used 34037K [0x0000000081e00000, 0x0000000100000000)
  region size 1024K, 2 young (2048K), 2 survivors (2048K)
 Metaspace       used 76696K, committed 77504K, reserved 1179648K
  class space    used 9732K, committed 10176K, reserved 1048576K
}
Event: 2694.226 GC heap before
{Heap before GC invocations=34 (full 0):
 garbage-first heap   total 60416K, used 52469K [0x0000000081e00000, 0x0000000100000000)
  region size 1024K, 21 young (21504K), 2 survivors (2048K)
 Metaspace       used 76872K, committed 77632K, reserved 1179648K
  class space    used 9739K, committed 10176K, reserved 1048576K
}
Event: 2694.241 GC heap after
{Heap after GC invocations=35 (full 0):
 garbage-first heap   total 61440K, used 32658K [0x0000000081e00000, 0x0000000100000000)
  region size 1024K, 2 young (2048K), 2 survivors (2048K)
 Metaspace       used 76872K, committed 77632K, reserved 1179648K
  class space    used 9739K, committed 10176K, reserved 1048576K
}
Event: 2818.288 GC heap before
{Heap before GC invocations=35 (full 0):
 garbage-first heap   total 61440K, used 54162K [0x0000000081e00000, 0x0000000100000000)
  region size 1024K, 24 young (24576K), 2 survivors (2048K)
 Metaspace       used 76969K, committed 77760K, reserved 1179648K
  class space    used 9741K, committed 10176K, reserved 1048576K
}
Event: 2818.295 GC heap after
{Heap after GC invocations=36 (full 0):
 garbage-first heap   total 61440K, used 32777K [0x0000000081e00000, 0x0000000100000000)
  region size 1024K, 2 young (2048K), 2 survivors (2048K)
 Metaspace       used 76969K, committed 77760K, reserved 1179648K
  class space    used 9741K, committed 10176K, reserved 1048576K
}

