# JRE version: Java(TM) SE Runtime Environment (20.0.2+9) (build 20.0.2+9-78)
# Java VM: Java HotSpot(TM) 64-Bit Server VM (20.0.2+9-78, mixed mode, sharing, tiered, compressed oops, compressed class ptrs, g1 gc, windows-amd64)
GC Precious Log:
 CardTable entry size: 512
 Card Set container configuration: InlinePtr #cards 5 size 8 Array Of Cards #cards 12 size 40 Howl #buckets 4 coarsen threshold 1843 Howl Bitmap #cards 512 size 80 coarsen threshold 460 Card regions per heap region 1 cards per card region 2048
 CPUs: 4 total, 4 available
 Memory: 8067M
 Large Page Support: Disabled
 NUMA Support: Disabled
 Compressed Oops: Enabled (32-bit)
 Heap Region Size: 1M
 Heap Min Capacity: 8M
 Heap Initial Capacity: 128M
 Heap Max Capacity: 2018M
 Pre-touch: Disabled
 Parallel Workers: 4
 Concurrent Workers: 1
 Concurrent Refinement Workers: 4
 Periodic GC: Disabled
Heap:
 garbage-first heap   total 70656K, used 59382K [0x0000000081e00000, 0x0000000100000000)
  region size 1024K, 25 young (25600K), 3 survivors (3072K)
 Metaspace       used 81688K, committed 82432K, reserved 1179648K
  class space    used 10817K, committed 11136K, reserved 1048576K
GC Heap History (20 events):
Event: 51.138 GC heap before
{Heap before GC invocations=16 (full 0):
 garbage-first heap   total 51200K, used 43631K [0x0000000081e00000, 0x0000000100000000)
  region size 1024K, 19 young (19456K), 3 survivors (3072K)
 Metaspace       used 62343K, committed 62912K, reserved 1114112K
  class space    used 8325K, committed 8576K, reserved 1048576K
}
Event: 51.152 GC heap after
{Heap after GC invocations=17 (full 0):
 garbage-first heap   total 51200K, used 29420K [0x0000000081e00000, 0x0000000100000000)
  region size 1024K, 3 young (3072K), 3 survivors (3072K)
 Metaspace       used 62343K, committed 62912K, reserved 1114112K
  class space    used 8325K, committed 8576K, reserved 1048576K
}
Event: 51.781 GC heap before
{Heap before GC invocations=18 (full 0):
 garbage-first heap   total 53248K, used 41708K [0x0000000081e00000, 0x0000000100000000)
  region size 1024K, 16 young (16384K), 3 survivors (3072K)
 Metaspace       used 64599K, committed 65216K, reserved 1114112K
  class space    used 8664K, committed 8896K, reserved 1048576K
}
Event: 51.793 GC heap after
{Heap after GC invocations=19 (full 0):
 garbage-first heap   total 53248K, used 30105K [0x0000000081e00000, 0x0000000100000000)
  region size 1024K, 2 young (2048K), 2 survivors (2048K)
 Metaspace       used 64599K, committed 65216K, reserved 1114112K
  class space    used 8664K, committed 8896K, reserved 1048576K
}
Event: 52.172 GC heap before
{Heap before GC invocations=19 (full 0):
 garbage-first heap   total 53248K, used 46489K [0x0000000081e00000, 0x0000000100000000)
  region size 1024K, 18 young (18432K), 2 survivors (2048K)
 Metaspace       used 65430K, committed 66048K, reserved 1114112K
  class space    used 8842K, committed 9088K, reserved 1048576K
}
Event: 52.187 GC heap after
{Heap after GC invocations=20 (full 0):
 garbage-first heap   total 53248K, used 31928K [0x0000000081e00000, 0x0000000100000000)
  region size 1024K, 3 young (3072K), 3 survivors (3072K)
 Metaspace       used 65430K, committed 66048K, reserved 1114112K
  class space    used 8842K, committed 9088K, reserved 1048576K
}
Event: 52.944 GC heap before
{Heap before GC invocations=20 (full 0):
 garbage-first heap   total 53248K, used 44216K [0x0000000081e00000, 0x0000000100000000)
  region size 1024K, 16 young (16384K), 3 survivors (3072K)
 Metaspace       used 66844K, committed 67392K, reserved 1114112K
  class space    used 9028K, committed 9280K, reserved 1048576K
}
Event: 52.950 GC heap after
{Heap after GC invocations=21 (full 0):
 garbage-first heap   total 53248K, used 32123K [0x0000000081e00000, 0x0000000100000000)
  region size 1024K, 2 young (2048K), 2 survivors (2048K)
 Metaspace       used 66844K, committed 67392K, reserved 1114112K
  class space    used 9028K, committed 9280K, reserved 1048576K
}
Event: 53.401 GC heap before
{Heap before GC invocations=22 (full 0):
 garbage-first heap   total 58368K, used 45435K [0x0000000081e00000, 0x0000000100000000)
  region size 1024K, 15 young (15360K), 2 survivors (2048K)
 Metaspace       used 67333K, committed 67904K, reserved 1114112K
  class space    used 9097K, committed 9344K, reserved 1048576K
}
Event: 53.405 GC heap after
{Heap after GC invocations=23 (full 0):
 garbage-first heap   total 58368K, used 32591K [0x0000000081e00000, 0x0000000100000000)
  region size 1024K, 2 young (2048K), 2 survivors (2048K)
 Metaspace       used 67333K, committed 67904K, reserved 1114112K
  class space    used 9097K, committed 9344K, reserved 1048576K
}
Event: 53.710 GC heap before
{Heap before GC invocations=23 (full 0):
 garbage-first heap   total 58368K, used 51023K [0x0000000081e00000, 0x0000000100000000)
  region size 1024K, 20 young (20480K), 2 survivors (2048K)
 Metaspace       used 67756K, committed 68352K, reserved 1114112K
  class space    used 9130K, committed 9408K, reserved 1048576K
}
Event: 53.716 GC heap after
{Heap after GC invocations=24 (full 0):
 garbage-first heap   total 70656K, used 32946K [0x0000000081e00000, 0x0000000100000000)
  region size 1024K, 3 young (3072K), 3 survivors (3072K)
 Metaspace       used 67756K, committed 68352K, reserved 1114112K
  class space    used 9130K, committed 9408K, reserved 1048576K
}
Event: 54.862 GC heap before
{Heap before GC invocations=24 (full 0):
 garbage-first heap   total 70656K, used 62642K [0x0000000081e00000, 0x0000000100000000)
  region size 1024K, 32 young (32768K), 3 survivors (3072K)
 Metaspace       used 70413K, committed 71168K, reserved 1114112K
  class space    used 9510K, committed 9856K, reserved 1048576K
}
Event: 54.870 GC heap after
{Heap after GC invocations=25 (full 0):
 garbage-first heap   total 70656K, used 34854K [0x0000000081e00000, 0x0000000100000000)
  region size 1024K, 4 young (4096K), 4 survivors (4096K)
 Metaspace       used 70413K, committed 71168K, reserved 1114112K
  class space    used 9510K, committed 9856K, reserved 1048576K
}
Event: 66.003 GC heap before
{Heap before GC invocations=26 (full 0):
 garbage-first heap   total 70656K, used 61478K [0x0000000081e00000, 0x0000000100000000)
  region size 1024K, 30 young (30720K), 4 survivors (4096K)
 Metaspace       used 74300K, committed 74944K, reserved 1114112K
  class space    used 10035K, committed 10304K, reserved 1048576K
}
Event: 66.014 GC heap after
{Heap after GC invocations=27 (full 0):
 garbage-first heap   total 70656K, used 36782K [0x0000000081e00000, 0x0000000100000000)
  region size 1024K, 4 young (4096K), 4 survivors (4096K)
 Metaspace       used 74300K, committed 74944K, reserved 1114112K
  class space    used 10035K, committed 10304K, reserved 1048576K
}
Event: 83.888 GC heap before
{Heap before GC invocations=27 (full 0):
 garbage-first heap   total 70656K, used 61358K [0x0000000081e00000, 0x0000000100000000)
  region size 1024K, 29 young (29696K), 4 survivors (4096K)
 Metaspace       used 79737K, committed 80384K, reserved 1179648K
  class space    used 10744K, committed 11008K, reserved 1048576K
}
Event: 83.903 GC heap after
{Heap after GC invocations=28 (full 0):
 garbage-first heap   total 70656K, used 38506K [0x0000000081e00000, 0x0000000100000000)
  region size 1024K, 2 young (2048K), 2 survivors (2048K)
 Metaspace       used 79737K, committed 80384K, reserved 1179648K
  class space    used 10744K, committed 11008K, reserved 1048576K
}
Event: 143.305 GC heap before
{Heap before GC invocations=28 (full 0):
 garbage-first heap   total 70656K, used 63082K [0x0000000081e00000, 0x0000000100000000)
  region size 1024K, 27 young (27648K), 2 survivors (2048K)
 Metaspace       used 80849K, committed 81536K, reserved 1179648K
  class space    used 10778K, committed 11072K, reserved 1048576K
}
Event: 143.311 GC heap after
{Heap after GC invocations=29 (full 0):
 garbage-first heap   total 70656K, used 38902K [0x0000000081e00000, 0x0000000100000000)
  region size 1024K, 3 young (3072K), 3 survivors (3072K)
 Metaspace       used 80849K, committed 81536K, reserved 1179648K
  class space    used 10778K, committed 11072K, reserved 1048576K
}

