# JRE version: Java(TM) SE Runtime Environment (20.0.2+9) (build 20.0.2+9-78)
# Java VM: Java HotSpot(TM) 64-Bit Server VM (20.0.2+9-78, mixed mode, sharing, tiered, compressed oops, compressed class ptrs, g1 gc, windows-amd64)
GC Precious Log:
 CardTable entry size: 512
 Card Set container configuration: InlinePtr #cards 5 size 8 Array Of Cards #cards 12 size 40 Howl #buckets 4 coarsen threshold 1843 Howl Bitmap #cards 512 size 80 coarsen threshold 460 Card regions per heap region 1 cards per card region 2048
 CPUs: 4 total, 4 available
 Memory: 8067M
 Large Page Support: Disabled
 NUMA Support: Disabled
 Compressed Oops: Enabled (32-bit)
 Heap Region Size: 1M
 Heap Min Capacity: 8M
 Heap Initial Capacity: 128M
 Heap Max Capacity: 2018M
 Pre-touch: Disabled
 Parallel Workers: 4
 Concurrent Workers: 1
 Concurrent Refinement Workers: 4
 Periodic GC: Disabled
Heap:
 garbage-first heap   total 61440K, used 51551K [0x0000000081e00000, 0x0000000100000000)
  region size 1024K, 25 young (25600K), 4 survivors (4096K)
 Metaspace       used 73245K, committed 73984K, reserved 1114112K
  class space    used 9645K, committed 9984K, reserved 1048576K
GC Heap History (20 events):
Event: 14.193 GC heap before
{Heap before GC invocations=9 (full 0):
 garbage-first heap   total 51200K, used 41182K [0x0000000081e00000, 0x0000000100000000)
  region size 1024K, 27 young (27648K), 4 survivors (4096K)
 Metaspace       used 44427K, committed 44928K, reserved 1114112K
  class space    used 5639K, committed 5888K, reserved 1048576K
}
Event: 14.210 GC heap after
{Heap after GC invocations=10 (full 0):
 garbage-first heap   total 51200K, used 20992K [0x0000000081e00000, 0x0000000100000000)
  region size 1024K, 4 young (4096K), 4 survivors (4096K)
 Metaspace       used 44427K, committed 44928K, reserved 1114112K
  class space    used 5639K, committed 5888K, reserved 1048576K
}
Event: 15.571 GC heap before
{Heap before GC invocations=10 (full 0):
 garbage-first heap   total 51200K, used 42496K [0x0000000081e00000, 0x0000000100000000)
  region size 1024K, 25 young (25600K), 4 survivors (4096K)
 Metaspace       used 51211K, committed 51776K, reserved 1114112K
  class space    used 6706K, committed 6912K, reserved 1048576K
}
Event: 15.586 GC heap after
{Heap after GC invocations=11 (full 0):
 garbage-first heap   total 51200K, used 22149K [0x0000000081e00000, 0x0000000100000000)
  region size 1024K, 2 young (2048K), 2 survivors (2048K)
 Metaspace       used 51211K, committed 51776K, reserved 1114112K
  class space    used 6706K, committed 6912K, reserved 1048576K
}
Event: 16.975 GC heap before
{Heap before GC invocations=11 (full 0):
 garbage-first heap   total 51200K, used 42629K [0x0000000081e00000, 0x0000000100000000)
  region size 1024K, 22 young (22528K), 2 survivors (2048K)
 Metaspace       used 55122K, committed 55680K, reserved 1114112K
  class space    used 7205K, committed 7424K, reserved 1048576K
}
Event: 16.983 GC heap after
{Heap after GC invocations=12 (full 0):
 garbage-first heap   total 51200K, used 22842K [0x0000000081e00000, 0x0000000100000000)
  region size 1024K, 2 young (2048K), 2 survivors (2048K)
 Metaspace       used 55122K, committed 55680K, reserved 1114112K
  class space    used 7205K, committed 7424K, reserved 1048576K
}
Event: 18.476 GC heap before
{Heap before GC invocations=12 (full 0):
 garbage-first heap   total 51200K, used 44346K [0x0000000081e00000, 0x0000000100000000)
  region size 1024K, 23 young (23552K), 2 survivors (2048K)
 Metaspace       used 58536K, committed 59136K, reserved 1114112K
  class space    used 7641K, committed 7936K, reserved 1048576K
}
Event: 18.488 GC heap after
{Heap after GC invocations=13 (full 0):
 garbage-first heap   total 51200K, used 24854K [0x0000000081e00000, 0x0000000100000000)
  region size 1024K, 3 young (3072K), 3 survivors (3072K)
 Metaspace       used 58536K, committed 59136K, reserved 1114112K
  class space    used 7641K, committed 7936K, reserved 1048576K
}
Event: 18.895 GC heap before
{Heap before GC invocations=13 (full 0):
 garbage-first heap   total 51200K, used 34070K [0x0000000081e00000, 0x0000000100000000)
  region size 1024K, 14 young (14336K), 3 survivors (3072K)
 Metaspace       used 60313K, committed 60928K, reserved 1114112K
  class space    used 7961K, committed 8256K, reserved 1048576K
}
Event: 18.906 GC heap after
{Heap after GC invocations=14 (full 0):
 garbage-first heap   total 51200K, used 25169K [0x0000000081e00000, 0x0000000100000000)
  region size 1024K, 3 young (3072K), 3 survivors (3072K)
 Metaspace       used 60313K, committed 60928K, reserved 1114112K
  class space    used 7961K, committed 8256K, reserved 1048576K
}
Event: 19.680 GC heap before
{Heap before GC invocations=15 (full 0):
 garbage-first heap   total 51200K, used 43601K [0x0000000081e00000, 0x0000000100000000)
  region size 1024K, 21 young (21504K), 3 survivors (3072K)
 Metaspace       used 60674K, committed 61312K, reserved 1114112K
  class space    used 8058K, committed 8320K, reserved 1048576K
}
Event: 19.694 GC heap after
{Heap after GC invocations=16 (full 0):
 garbage-first heap   total 51200K, used 27390K [0x0000000081e00000, 0x0000000100000000)
  region size 1024K, 3 young (3072K), 3 survivors (3072K)
 Metaspace       used 60674K, committed 61312K, reserved 1114112K
  class space    used 8058K, committed 8320K, reserved 1048576K
}
Event: 20.494 GC heap before
{Heap before GC invocations=16 (full 0):
 garbage-first heap   total 51200K, used 44798K [0x0000000081e00000, 0x0000000100000000)
  region size 1024K, 20 young (20480K), 3 survivors (3072K)
 Metaspace       used 62277K, committed 62912K, reserved 1114112K
  class space    used 8292K, committed 8576K, reserved 1048576K
}
Event: 20.503 GC heap after
{Heap after GC invocations=17 (full 0):
 garbage-first heap   total 61440K, used 27463K [0x0000000081e00000, 0x0000000100000000)
  region size 1024K, 2 young (2048K), 2 survivors (2048K)
 Metaspace       used 62277K, committed 62912K, reserved 1114112K
  class space    used 8292K, committed 8576K, reserved 1048576K
}
Event: 21.416 GC heap before
{Heap before GC invocations=17 (full 0):
 garbage-first heap   total 61440K, used 53063K [0x0000000081e00000, 0x0000000100000000)
  region size 1024K, 27 young (27648K), 2 survivors (2048K)
 Metaspace       used 63838K, committed 64448K, reserved 1114112K
  class space    used 8501K, committed 8768K, reserved 1048576K
}
Event: 21.421 GC heap after
{Heap after GC invocations=18 (full 0):
 garbage-first heap   total 61440K, used 28403K [0x0000000081e00000, 0x0000000100000000)
  region size 1024K, 3 young (3072K), 3 survivors (3072K)
 Metaspace       used 63838K, committed 64448K, reserved 1114112K
  class space    used 8501K, committed 8768K, reserved 1048576K
}
Event: 22.766 GC heap before
{Heap before GC invocations=18 (full 0):
 garbage-first heap   total 61440K, used 52979K [0x0000000081e00000, 0x0000000100000000)
  region size 1024K, 27 young (27648K), 3 survivors (3072K)
 Metaspace       used 65903K, committed 66560K, reserved 1114112K
  class space    used 8782K, committed 9088K, reserved 1048576K
}
Event: 22.777 GC heap after
{Heap after GC invocations=19 (full 0):
 garbage-first heap   total 61440K, used 30359K [0x0000000081e00000, 0x0000000100000000)
  region size 1024K, 4 young (4096K), 4 survivors (4096K)
 Metaspace       used 65903K, committed 66560K, reserved 1114112K
  class space    used 8782K, committed 9088K, reserved 1048576K
}
Event: 106.536 GC heap before
{Heap before GC invocations=19 (full 0):
 garbage-first heap   total 61440K, used 51863K [0x0000000081e00000, 0x0000000100000000)
  region size 1024K, 26 young (26624K), 4 survivors (4096K)
 Metaspace       used 71410K, committed 72128K, reserved 1114112K
  class space    used 9511K, committed 9856K, reserved 1048576K
}
Event: 106.546 GC heap after
{Heap after GC invocations=20 (full 0):
 garbage-first heap   total 61440K, used 32095K [0x0000000081e00000, 0x0000000100000000)
  region size 1024K, 4 young (4096K), 4 survivors (4096K)
 Metaspace       used 71410K, committed 72128K, reserved 1114112K
  class space    used 9511K, committed 9856K, reserved 1048576K
}

