# JRE version: Java(TM) SE Runtime Environment (20.0.2+9) (build 20.0.2+9-78)
# Java VM: Java HotSpot(TM) 64-Bit Server VM (20.0.2+9-78, mixed mode, sharing, tiered, compressed oops, compressed class ptrs, g1 gc, windows-amd64)
GC Precious Log:
 CardTable entry size: 512
 Card Set container configuration: InlinePtr #cards 5 size 8 Array Of Cards #cards 12 size 40 Howl #buckets 4 coarsen threshold 1843 Howl Bitmap #cards 512 size 80 coarsen threshold 460 Card regions per heap region 1 cards per card region 2048
 CPUs: 4 total, 4 available
 Memory: 8067M
 Large Page Support: Disabled
 NUMA Support: Disabled
 Compressed Oops: Enabled (32-bit)
 Heap Region Size: 1M
 Heap Min Capacity: 8M
 Heap Initial Capacity: 128M
 Heap Max Capacity: 2018M
 Pre-touch: Disabled
 Parallel Workers: 4
 Concurrent Workers: 1
 Concurrent Refinement Workers: 4
 Periodic GC: Disabled
Heap:
 garbage-first heap   total 68608K, used 40552K [0x0000000081e00000, 0x0000000100000000)
  region size 1024K, 4 young (4096K), 2 survivors (2048K)
 Metaspace       used 82828K, committed 83968K, reserved 1179648K
  class space    used 10782K, committed 11264K, reserved 1048576K
GC Heap History (20 events):
Event: 18.614 GC heap before
{Heap before GC invocations=19 (full 0):
 garbage-first heap   total 56320K, used 48502K [0x0000000081e00000, 0x0000000100000000)
  region size 1024K, 20 young (20480K), 3 survivors (3072K)
 Metaspace       used 65373K, committed 65920K, reserved 1114112K
  class space    used 8841K, committed 9088K, reserved 1048576K
}
Event: 18.631 GC heap after
{Heap after GC invocations=20 (full 0):
 garbage-first heap   total 67584K, used 30850K [0x0000000081e00000, 0x0000000100000000)
  region size 1024K, 1 young (1024K), 1 survivors (1024K)
 Metaspace       used 65373K, committed 65920K, reserved 1114112K
  class space    used 8841K, committed 9088K, reserved 1048576K
}
Event: 19.751 GC heap before
{Heap before GC invocations=20 (full 0):
 garbage-first heap   total 67584K, used 59522K [0x0000000081e00000, 0x0000000100000000)
  region size 1024K, 30 young (30720K), 1 survivors (1024K)
 Metaspace       used 67713K, committed 68352K, reserved 1114112K
  class space    used 9122K, committed 9408K, reserved 1048576K
}
Event: 19.756 GC heap after
{Heap after GC invocations=21 (full 0):
 garbage-first heap   total 67584K, used 32308K [0x0000000081e00000, 0x0000000100000000)
  region size 1024K, 3 young (3072K), 3 survivors (3072K)
 Metaspace       used 67713K, committed 68352K, reserved 1114112K
  class space    used 9122K, committed 9408K, reserved 1048576K
}
Event: 20.826 GC heap before
{Heap before GC invocations=21 (full 0):
 garbage-first heap   total 67584K, used 58932K [0x0000000081e00000, 0x0000000100000000)
  region size 1024K, 29 young (29696K), 3 survivors (3072K)
 Metaspace       used 70033K, committed 70720K, reserved 1114112K
  class space    used 9448K, committed 9792K, reserved 1048576K
}
Event: 20.834 GC heap after
{Heap after GC invocations=22 (full 0):
 garbage-first heap   total 67584K, used 34140K [0x0000000081e00000, 0x0000000100000000)
  region size 1024K, 4 young (4096K), 4 survivors (4096K)
 Metaspace       used 70033K, committed 70720K, reserved 1114112K
  class space    used 9448K, committed 9792K, reserved 1048576K
}
Event: 21.759 GC heap before
{Heap before GC invocations=22 (full 0):
 garbage-first heap   total 67584K, used 57692K [0x0000000081e00000, 0x0000000100000000)
  region size 1024K, 28 young (28672K), 4 survivors (4096K)
 Metaspace       used 72551K, committed 73216K, reserved 1114112K
  class space    used 9814K, committed 10112K, reserved 1048576K
}
Event: 21.769 GC heap after
{Heap after GC invocations=23 (full 0):
 garbage-first heap   total 67584K, used 36336K [0x0000000081e00000, 0x0000000100000000)
  region size 1024K, 4 young (4096K), 4 survivors (4096K)
 Metaspace       used 72551K, committed 73216K, reserved 1114112K
  class space    used 9814K, committed 10112K, reserved 1048576K
}
Event: 33.763 GC heap before
{Heap before GC invocations=24 (full 0):
 garbage-first heap   total 67584K, used 57840K [0x0000000081e00000, 0x0000000100000000)
  region size 1024K, 26 young (26624K), 4 survivors (4096K)
 Metaspace       used 78487K, committed 79104K, reserved 1179648K
  class space    used 10615K, committed 10880K, reserved 1048576K
}
Event: 33.772 GC heap after
{Heap after GC invocations=25 (full 0):
 garbage-first heap   total 67584K, used 37834K [0x0000000081e00000, 0x0000000100000000)
  region size 1024K, 4 young (4096K), 4 survivors (4096K)
 Metaspace       used 78487K, committed 79104K, reserved 1179648K
  class space    used 10615K, committed 10880K, reserved 1048576K
}
Event: 183.633 GC heap before
{Heap before GC invocations=25 (full 0):
 garbage-first heap   total 67584K, used 57290K [0x0000000081e00000, 0x0000000100000000)
  region size 1024K, 24 young (24576K), 4 survivors (4096K)
 Metaspace       used 80359K, committed 81088K, reserved 1179648K
  class space    used 10753K, committed 11072K, reserved 1048576K
}
Event: 183.643 GC heap after
{Heap after GC invocations=26 (full 0):
 garbage-first heap   total 67584K, used 38849K [0x0000000081e00000, 0x0000000100000000)
  region size 1024K, 3 young (3072K), 3 survivors (3072K)
 Metaspace       used 80359K, committed 81088K, reserved 1179648K
  class space    used 10753K, committed 11072K, reserved 1048576K
}
Event: 1779.849 GC heap before
{Heap before GC invocations=26 (full 0):
 garbage-first heap   total 67584K, used 59329K [0x0000000081e00000, 0x0000000100000000)
  region size 1024K, 24 young (24576K), 3 survivors (3072K)
 Metaspace       used 81285K, committed 82048K, reserved 1179648K
  class space    used 10786K, committed 11136K, reserved 1048576K
}
Event: 1779.860 GC heap after
{Heap after GC invocations=27 (full 0):
 garbage-first heap   total 67584K, used 39167K [0x0000000081e00000, 0x0000000100000000)
  region size 1024K, 2 young (2048K), 2 survivors (2048K)
 Metaspace       used 81285K, committed 82048K, reserved 1179648K
  class space    used 10786K, committed 11136K, reserved 1048576K
}
Event: 3751.609 GC heap before
{Heap before GC invocations=28 (full 0):
 garbage-first heap   total 68608K, used 60671K [0x0000000081e00000, 0x0000000100000000)
  region size 1024K, 23 young (23552K), 2 survivors (2048K)
 Metaspace       used 81756K, committed 82560K, reserved 1179648K
  class space    used 10804K, committed 11200K, reserved 1048576K
}
Event: 3751.614 GC heap after
{Heap after GC invocations=29 (full 0):
 garbage-first heap   total 68608K, used 40103K [0x0000000081e00000, 0x0000000100000000)
  region size 1024K, 3 young (3072K), 3 survivors (3072K)
 Metaspace       used 81756K, committed 82560K, reserved 1179648K
  class space    used 10804K, committed 11200K, reserved 1048576K
}
Event: 4451.582 GC heap before
{Heap before GC invocations=29 (full 0):
 garbage-first heap   total 68608K, used 59559K [0x0000000081e00000, 0x0000000100000000)
  region size 1024K, 23 young (23552K), 3 survivors (3072K)
 Metaspace       used 82204K, committed 83008K, reserved 1179648K
  class space    used 10808K, committed 11200K, reserved 1048576K
}
Event: 4451.593 GC heap after
{Heap after GC invocations=30 (full 0):
 garbage-first heap   total 68608K, used 39478K [0x0000000081e00000, 0x0000000100000000)
  region size 1024K, 2 young (2048K), 2 survivors (2048K)
 Metaspace       used 82204K, committed 83008K, reserved 1179648K
  class space    used 10808K, committed 11200K, reserved 1048576K
}
Event: 4641.315 GC heap before
{Heap before GC invocations=30 (full 0):
 garbage-first heap   total 68608K, used 59958K [0x0000000081e00000, 0x0000000100000000)
  region size 1024K, 23 young (23552K), 2 survivors (2048K)
 Metaspace       used 83089K, committed 83968K, reserved 1179648K
  class space    used 10855K, committed 11264K, reserved 1048576K
}
Event: 4641.321 GC heap after
{Heap after GC invocations=31 (full 0):
 garbage-first heap   total 68608K, used 39528K [0x0000000081e00000, 0x0000000100000000)
  region size 1024K, 2 young (2048K), 2 survivors (2048K)
 Metaspace       used 83089K, committed 83968K, reserved 1179648K
  class space    used 10855K, committed 11264K, reserved 1048576K
}

